-----------Confounding Information Begin---------------
{
Noise:{ 5:[[3,0],[3,1]] },
None:{ 1:[[1,0],[3,2]],5:[[1,0],[2,0],[2,1],[3,0],[3,1],[3,2]],6:[[1,0]],7:[[1,0]],11:[[1,0]],12:[[2,1],[3,0]],14:[[1,0],[2,0],[2,1]] },
Single:{ 2:[[1,0],[2,0],[2,1],[3,0],[3,1],[3,2]],14:[[3,0],[3,1],[3,2]] },
Confound:{ 0:[[1,0]],1:[[2,0],[2,1],[3,0],[3,1]],3:[[1,0]],4:[[1,0]],8:[[1,0]],9:[[1,0],[2,0],[2,1],[3,0],[3,1],[3,2]],10:[[1,0]],11:[[2,0],[2,1],[3,0],[3,1],[3,2]],12:[[1,0],[2,0],[3,1],[3,2]],13:[[1,0]] }
}
-----------Confounding Information End---------------
-----------Network Information Begin---------------
{
Edge_Out_In_Weight:[
[1, 0, 44601634558.48218],
[12, 0, 31349433.54118979],
[13, 0, 2265702907.247175],
[0, 1, 29399624072.662014],
[4, 3, 36006145.106237404],
[3, 4, 36001391.662943006],
[9, 8, 192304.82538801618],
[10, 8, 2918859.1635574847],
[11, 8, 373460.7241851536],
[8, 9, 128127.96795932598],
[8, 10, 2919477.1358851576],
[8, 11, 249118.09519241087],
[0, 12, 20905635.394621257],
[13, 12, 6825622.838996954],
[0, 13, 2265666844.942851],
[12, 13, 10236097.620677223]],
Node_Size:[8.4132e+03, 1.7321e+04, 4.8319e+04, 8.4860e+03, 2.7795e-02, 2.0171e-01, 4.0983e-01, 1.0024e-01, 3.0168e+02, 2.2979e-01, 7.8257e+02, 5.3212e-01, 4.6160e+02, 4.8085e+03, 4.9904e+01],
Node_Color:[3,3,2,3,3,1,1,1,3,3,3,3,3,3,2],
Node_Shape:[1,1,1,1,1,2,1,1,1,1,1,1,1,1,1]
}
-----------Network Information End---------------
