-----------Confounding Information Begin---------------
{
Noise:{ 5:[[2,0],[2,1],[3,0],[3,1]] },
None:{ 1:[[1,0],[3,2]],5:[[1,0],[2,0],[2,1],[3,0],[3,1],[3,2]],6:[[1,0]],7:[[1,0]],11:[[1,0]],12:[[2,1],[3,0]],14:[[1,0],[2,0],[2,1]] },
Single:{ 2:[[1,0],[2,0],[2,1],[3,0],[3,1],[3,2]],14:[[3,0],[3,1],[3,2]] },
Confound:{ 0:[[1,0]],1:[[2,0],[2,1],[3,0],[3,1]],3:[[1,0]],4:[[1,0]],8:[[1,0]],9:[[1,0],[2,0],[2,1],[3,0],[3,1],[3,2]],10:[[1,0]],11:[[2,0],[2,1],[3,0],[3,1],[3,2]],12:[[1,0],[2,0],[3,1],[3,2]],13:[[1,0]] }
}
-----------Confounding Information End---------------
-----------Network Information Begin---------------
{
Edge_Out_In_Weight:[
[1, 0, 44601415655.17788],
[12, 0, 31366627.186897747],
[13, 0, 2265721521.7901917],
[0, 1, 29399785499.061768],
[4, 3, 36000577.32089472],
[3, 4, 35992322.04205182],
[9, 8, 191605.48196351362],
[10, 8, 2920826.668337695],
[11, 8, 373614.31827370205],
[8, 9, 128118.16450209003],
[8, 10, 2921994.6978864535],
[8, 11, 248639.61172504586],
[0, 12, 20906942.700366076],
[13, 12, 6829517.615711463],
[0, 13, 2265757005.660941],
[12, 13, 10239776.475364527]],
Node_Size:[8.4129e+03, 1.7320e+04, 4.8319e+04, 8.4847e+03, 3.0729e-01, 1.7618e-01, 6.1464e-02, 8.9901e-02, 3.0159e+02, 1.9687e-01, 7.8248e+02, 6.6376e-01, 4.6209e+02, 4.8076e+03, 4.9733e+01],
Node_Color:[3,3,2,3,3,1,1,1,3,3,3,3,3,3,2],
Node_Shape:[1,1,1,1,1,2,1,1,1,1,1,1,1,1,1]
}
-----------Network Information End---------------
