-----------Confounding Information Begin---------------
{
Noise:{  },
None:{ 2:[[1,0]],3:[[1,0]],5:[[1,0]],6:[[1,0]],8:[[1,0]],11:[[1,0]],12:[[1,0]],13:[[1,0]],14:[[1,0]],15:[[1,0]],16:[[1,0]],17:[[1,0]],20:[[1,0]],21:[[1,0]],22:[[1,0]],23:[[1,0]],24:[[1,0]],25:[[1,0]],28:[[1,0]],31:[[1,0]],32:[[1,0]],33:[[1,0]],36:[[1,0]],37:[[1,0]],38:[[1,0]],39:[[1,0]],41:[[1,0]],42:[[1,0]],43:[[1,0]],44:[[1,0]],45:[[1,0]],48:[[1,0]],52:[[1,0]],54:[[1,0]],55:[[1,0]],57:[[1,0]],59:[[1,0]],61:[[1,0]] },
Single:{  },
Confound:{ 0:[[1,0]],1:[[1,0]],4:[[1,0]],7:[[1,0]],9:[[1,0]],10:[[1,0]],18:[[1,0]],19:[[1,0]],26:[[1,0]],27:[[1,0]],29:[[1,0]],30:[[1,0]],34:[[1,0]],35:[[1,0]],40:[[1,0]],46:[[1,0]],47:[[1,0]],49:[[1,0]],50:[[1,0]],51:[[1,0]],53:[[1,0]],56:[[1,0]],58:[[1,0]],60:[[1,0]],62:[[1,0]] }
}
-----------Confounding Information End---------------
-----------Network Information Begin---------------
{
Edge_Out_In_Weight:[
[35, 0, 32400028957.156307],
[47, 1, 32400026324.020504],
[50, 4, 32400006213.372894],
[49, 7, 32400015690.586994],
[26, 9, 32399998294.843792],
[49, 10, 32400031224.200672],
[49, 18, 32399992714.23913],
[35, 19, 32400007638.714016],
[9, 26, 32400011266.469364],
[40, 27, 32399994629.41063],
[60, 29, 32400020776.04361],
[50, 30, 32400004837.37714],
[46, 34, 32400013159.0798],
[0, 35, 32400026830.036896],
[19, 35, 32400020916.82527],
[27, 40, 32399988831.041416],
[34, 46, 32400010387.052773],
[1, 47, 32400008728.320484],
[7, 49, 32400020490.58233],
[10, 49, 32400031711.78727],
[18, 49, 32400029767.737988],
[4, 50, 32400003313.005943],
[30, 50, 32399998324.039143],
[53, 51, 32399998263.265778],
[51, 53, 32400001607.61089],
[62, 56, 32400000012.373146],
[60, 58, 32399979002.18089],
[29, 60, 32400008508.588203],
[58, 60, 32399986575.47804],
[56, 62, 32400013601.883064]],
Node_Size:[3.0451e-02, 3.5599e-02, 1.1765e-02, 3.1493e-02, 1.1745e-02, 5.0164e-03, 1.0155e-02, 2.9997e-02, 5.1353e-02, 2.4369e-02, 2.2888e-02, 2.8445e-02, 5.8368e-02, 1.9382e-02, 1.3113e-02, 3.7849e-02, 4.7750e-03, 2.2641e-02, 1.6399e-02, 3.7724e-02, 6.6243e-03, 1.5993e-03, 4.1377e-02, 1.1042e-02, 4.3366e-02, 1.9419e-02, 4.3723e-03, 1.6941e-02, 6.1399e-02, 1.0111e-02, 3.6581e-02, 2.9660e-02, 6.7288e-03, 1.5114e-02, 4.8551e-02, 2.8509e-02, 1.7057e-02, 2.6523e-02, 2.0268e-02, 2.7427e-02, 2.2258e-02, 4.3888e-02, 2.3077e-02, 2.2523e-02, 5.8672e-03, 2.1779e-03, 5.0801e-02, 2.5933e-02, 3.3719e-02, 5.3631e-03, 5.0917e-02, 4.4443e-02, 9.2970e-03, 2.5940e-03, 2.2227e-02, 9.9462e-03, 4.0075e-02, 1.4812e-02, 2.1503e-02, 3.6294e-02, 5.3552e-03, 5.2759e-02, 1.9884e-02],
Node_Color:[3,3,1,1,3,1,1,3,1,3,3,1,1,1,1,1,1,1,3,3,1,1,1,1,1,1,3,3,1,3,3,1,1,1,3,3,1,1,1,1,3,1,1,1,1,1,3,3,1,3,3,3,1,3,1,1,3,1,3,1,3,1,3],
Node_Shape:[1,1,1,1,1,1,1,1,1,1,1,1,1,1,1,1,1,1,1,1,1,1,1,1,1,1,1,1,1,1,1,1,1,1,1,1,1,1,1,1,1,1,1,1,1,1,1,1,1,1,1,1,1,1,1,1,1,1,1,1,1,1,1]
}
-----------Network Information End---------------
