-----------Confounding Information Begin---------------
{
Noise:{ 5:[[2,0],[3,0],[3,1]] },
None:{ 1:[[1,0],[3,2]],5:[[1,0],[2,0],[2,1],[3,0],[3,1],[3,2]],6:[[1,0]],7:[[1,0]],11:[[1,0]],12:[[2,1],[3,0]],14:[[1,0],[2,0],[2,1]] },
Single:{ 2:[[1,0],[2,0],[2,1],[3,0],[3,1],[3,2]],14:[[3,0],[3,1],[3,2]] },
Confound:{ 0:[[1,0]],1:[[2,0],[2,1],[3,0],[3,1]],3:[[1,0]],4:[[1,0]],8:[[1,0]],9:[[1,0],[2,0],[2,1],[3,0],[3,1],[3,2]],10:[[1,0]],11:[[2,0],[2,1],[3,0],[3,1],[3,2]],12:[[1,0],[2,0],[3,1],[3,2]],13:[[1,0]] }
}
-----------Confounding Information End---------------
-----------Network Information Begin---------------
{
Edge_Out_In_Weight:[
[1, 0, 44601158477.24305],
[12, 0, 31359832.54784332],
[13, 0, 2265755263.8106966],
[0, 1, 29399512374.717785],
[4, 3, 36003396.42237485],
[3, 4, 36001028.676808074],
[9, 8, 191994.28210437112],
[10, 8, 2921572.491870557],
[11, 8, 373398.65344745154],
[8, 9, 127951.0514766267],
[8, 10, 2921715.2272997107],
[8, 11, 248728.09654680433],
[0, 12, 20906164.653608117],
[13, 12, 6826302.6803780245],
[0, 13, 2265735545.969931],
[12, 13, 10238131.067375332]],
Node_Size:[8.4134e+03, 1.7320e+04, 4.8319e+04, 8.4852e+03, 9.2584e-02, 6.5665e-02, 4.3733e-02, 1.9632e-02, 3.0216e+02, 2.2411e-01, 7.8255e+02, 6.9011e-02, 4.6179e+02, 4.8083e+03, 4.9961e+01],
Node_Color:[3,3,2,3,3,1,1,1,3,3,3,3,3,3,2],
Node_Shape:[1,1,1,1,1,2,1,1,1,1,1,1,1,1,1]
}
-----------Network Information End---------------
