-----------Confounding Information Begin---------------
{
Noise:{ 5:[[2,0],[2,1],[3,0],[3,1]] },
None:{ 1:[[1,0],[3,2]],5:[[1,0],[2,0],[2,1],[3,0],[3,1],[3,2]],6:[[1,0]],7:[[1,0]],11:[[1,0]],12:[[2,1],[3,0]],14:[[1,0],[2,0],[2,1]] },
Single:{ 2:[[1,0],[2,0],[2,1],[3,0],[3,1],[3,2]],14:[[3,0],[3,1],[3,2]] },
Confound:{ 0:[[1,0]],1:[[2,0],[2,1],[3,0],[3,1]],3:[[1,0]],4:[[1,0]],8:[[1,0]],9:[[1,0],[2,0],[2,1],[3,0],[3,1],[3,2]],10:[[1,0]],11:[[2,0],[2,1],[3,0],[3,1],[3,2]],12:[[1,0],[2,0],[3,1],[3,2]],13:[[1,0]] }
}
-----------Confounding Information End---------------
-----------Network Information Begin---------------
{
Edge_Out_In_Weight:[
[1, 0, 44601336069.43406],
[12, 0, 31351540.214099213],
[13, 0, 2265778531.211617],
[0, 1, 29399697227.96236],
[4, 3, 35999727.36857911],
[3, 4, 35997590.2764354],
[9, 8, 191847.9815226571],
[10, 8, 2924073.087588307],
[11, 8, 373542.31295569876],
[8, 9, 127747.42830294489],
[8, 10, 2923898.52773006],
[8, 11, 248847.11469414158],
[0, 12, 20905802.777373638],
[13, 12, 6824167.521958356],
[0, 13, 2265807726.7977614],
[12, 13, 10235587.616151275]],
Node_Size:[8.4134e+03, 1.7321e+04, 4.8319e+04, 8.4861e+03, 5.7779e-01, 3.5877e-01, 5.7404e-01, 5.7466e-01, 3.0138e+02, 3.1759e-01, 7.8264e+02, 4.6468e-01, 4.6173e+02, 4.8087e+03, 4.9718e+01],
Node_Color:[3,3,2,3,3,1,1,1,3,3,3,3,3,3,2],
Node_Shape:[1,1,1,1,1,2,1,1,1,1,1,1,1,1,1]
}
-----------Network Information End---------------
