factor = 0
  level = 0
    repeat 0  [5399.882123898254, 8400.065557249007, -9599.53013471965, -9599.231896912806, 17399.263636321273, 2999.187689235122, 17398.73259943269, -8999.489050702072, 2399.06472058211, -3600.1045400848498, 8398.140969133829, 18000.09868179924, -9600.029291998515, 5399.628366757414, 8399.68311246769, -3001.372048190336, 9000.0791750098, 18000.595976510835]
    repeat 1  [5399.812462371519, 8400.116631062403, -9600.87295855873, -9599.883760869461, 17401.163441992187, 3001.1944150199915, 17400.657937288343, -8999.919079292295, 2399.686647823692, -3599.8580002189324, 8400.118263919787, 18000.058324088037, -9599.906296514147, 5399.610635576538, 8399.487543656902, -3000.9633813283117, 9000.00648730632, 18001.334889979957]
    repeat 2  [5400.169109958207, 8399.998707418448, -9600.818862601143, -9600.000032926007, 17399.647812293417, 3000.2167647500287, 17398.637815030208, -8999.720190270771, 2401.4033506764795, -3600.022746771291, 8401.144602406386, 18000.096141299335, -9600.02137206046, 5401.41958612287, 8400.752508142796, -2998.0108247669154, 9000.029124363857, 17997.87109887016]
    repeat 3  [5399.986759371058, 8400.067078331032, -9600.854371437643, -9599.827623858642, 17400.39521686548, 2999.9057069927517, 17402.59504892932, -9001.399421404265, 2399.7042344522306, -3600.140336986165, 8401.150502491126, 18000.082623326212, -9600.027870989192, 5401.312545619455, 8401.332189230287, -2998.7034781317143, 9000.095679235581, 18000.105502899518]
    repeat 4  [5400.069752900983, 8400.09375472137, -9600.4823096856, -9599.680907971559, 17400.177158438455, 3000.6202590253038, 17401.228315223616, -9000.911005011787, 2399.445186799879, -3599.847233537958, 8398.553488105186, 18000.065768323653, -9599.990208492605, 5399.645694019805, 8401.118124691653, -3001.596377611682, 8999.974399115252, 18003.183985928386]
    repeat 5  [5399.984149491117, 8400.083265186599, -9597.756134319154, -9601.333956722554, 17400.067331703074, 2999.936543992944, 17402.85249830241, -8999.926251167255, 2401.166287172675, -3600.0568706293516, 8400.460967376237, 18000.058550190854, -9599.988805653651, 5399.881910429888, 8401.249557333338, -3000.7192067602396, 9000.077208142411, 17998.465984812603]
    repeat 6  [5400.033638398275, 8399.95400404821, -9602.336381026491, -9600.510615990937, 17399.959132624266, 3001.3226326751064, 17398.676854282272, -9000.180221612154, 2402.160538477827, -3600.0563172532406, 8400.395503717866, 18000.10499421544, -9600.012980264053, 5400.461564213427, 8399.188818285485, -2999.627317241574, 8999.989714504803, 17999.596275898533]
    repeat 7  [5400.063056576132, 8400.009285111084, -9601.618178669456, -9600.590733979147, 17399.380356015394, 2998.925570857019, 17400.358838017, -8999.020113883349, 2398.8694232524704, -3599.9701020499, 8400.394236787277, 18000.057316600134, -9599.883924877924, 5400.5696833587435, 8399.734854484037, -3002.5424575947536, 9000.040974748437, 18002.828977979498]
    repeat 8  [5399.857269013579, 8399.9715967661, -9600.275040698052, -9599.972584785306, 17399.364244863384, 2998.8252125176095, 17397.64000908161, -9000.083627564092, 2399.096495510323, -3599.9655175953067, 8398.220901001729, 17999.912406918786, -9599.878524093223, 5400.1591386622085, 8400.972765243388, -3000.7458361017952, 8999.98520707642, 18000.73399430574]
    repeat 9  [5400.011081822906, 8399.98670668435, -9599.184790842346, -9598.60874640583, 17400.0521025036, 2999.6060021500675, 17400.10667857328, -8999.652183747097, 2402.3405571697854, -3599.924104602935, 8399.137193983748, 17999.881446177496, -9600.014574220797, 5399.060743418843, 8401.299733884933, -2997.8832485664743, 8999.890116051212, 18000.5041176079]
    Rev orth
      ["1", "2", "3", "3", "1", "1", "2"]
      ["1", "1", "3", "2", "2", "1", "3"]
      ["1", "2", "3", "1", "2", "3", "1"]
      ["1", "1", "3", "1", "3", "2", "2"]
      ["1", "2", "1", "3", "3", "2", "3"]
      ["1", "3", "3", "2", "1", "2", "3"]
      ["1", "1", "1", "3", "2", "3", "3"]
      ["1", "3", "1", "1", "2", "2", "2"]
      ["1", "2", "1", "2", "1", "3", "2"]
      ["1", "1", "1", "1", "1", "1", "1"]
      ["1", "1", "2", "2", "3", "3", "2"]
      ["1", "3", "2", "3", "2", "1", "2"]
      ["1", "2", "2", "1", "3", "1", "3"]
      ["1", "1", "2", "3", "1", "2", "1"]
      ["1", "2", "2", "2", "2", "2", "1"]
      ["1", "3", "2", "1", "1", "3", "3"]
      ["1", "3", "1", "2", "3", "1", "1"]
      ["1", "3", "3", "3", "3", "3", "1"]
  level = 1
    repeat 0  [6099.962279620146, 9100.137180423599, -8899.008444797046, -8898.94132792989, 18100.015454064876, 3700.8375679906057, 18099.446075382533, -8299.45921005856, 3101.6379907391706, -2899.972955062458, 9098.944389617674, 18699.89788706707, -8899.992508067302, 6100.4074752202405, 9100.081647092911, -2298.806114382071, 9700.021776406615, 18698.060596439693]
    repeat 1  [6099.939594849463, 9100.03965352256, -8901.35356097309, -8899.15241970985, 18100.580818312534, 3699.3230842330777, 18099.549026882265, -8299.653037431572, 3101.0851842889115, -2900.048578132873, 9098.202698015473, 18700.012571504834, -8899.97308218428, 6100.57678820982, 9100.464234147492, -2299.8546633268134, 9699.918837787145, 18698.318101432313]
    repeat 2  [6100.015226584437, 9099.923611730781, -8900.336976427827, -8900.040919626499, 18100.49180716374, 3699.7595805065403, 18100.256757519037, -8300.931966124295, 3100.4486507755482, -2899.889711885255, 9100.936478002577, 18699.864602064772, -8900.176906980196, 6100.58772452816, 9100.333204849208, -2299.5895358853504, 9700.091469743544, 18702.253728715914]
    repeat 3  [6100.048463738567, 9099.973740970403, -8899.524077275044, -8901.34440144112, 18099.171051084933, 3699.773083014096, 18098.741279797887, -8301.394370703942, 3099.9799980453427, -2899.871040471909, 9099.472874226849, 18699.997224561026, -8899.920407706364, 6100.618934160482, 9098.771231789686, -2299.7440382962313, 9699.915976862265, 18700.8834168779]
    repeat 4  [6100.098765298339, 9099.898921239721, -8900.648470049398, -8900.297052662652, 18099.666188186333, 3699.5946377429723, 18099.005775982158, -8299.167642442195, 3097.6285536328487, -2900.025072713683, 9098.550566087632, 18699.95474884251, -8900.137640013547, 6101.1144739589, 9101.284965133485, -2300.534167263513, 9700.175162819878, 18701.257461623743]
    repeat 5  [6100.075878031091, 9099.988035286, -8901.24242974671, -8900.123775557708, 18099.70406510237, 3700.1844190629126, 18100.786354632022, -8300.07686416688, 3101.404504027029, -2899.9286328200837, 9100.71184698775, 18699.890879977534, -8900.010569294127, 6100.221548386899, 9100.26074055537, -2299.942764790623, 9699.996555419613, 18698.62059341763]
    repeat 6  [6100.0734971480915, 9099.981770992332, -8901.67225494682, -8900.119154597796, 18099.900450990845, 3700.2933584936477, 18099.361190580436, -8299.880093092133, 3101.8957178072083, -2900.1274572588427, 9099.339165026617, 18700.098623410522, -8900.10641597613, 6100.6949940511295, 9099.531196896016, -2297.5618252579534, 9700.058985053243, 18697.432581938534]
    repeat 7  [6100.119873489019, 9100.14025375108, -8899.896978221515, -8899.75873845878, 18099.656791020774, 3698.5043498548416, 18100.051791499016, -8299.017685707568, 3100.775777085081, -2899.9932273052386, 9098.859375567492, 18699.924072111273, -8900.000873149953, 6099.796281277727, 9100.989886796153, -2298.955401768109, 9700.058878182796, 18699.928614626962]
    repeat 8  [6099.987871591022, 9099.921104331652, -8900.163575474995, -8899.47329875622, 18100.125779797425, 3699.8252436788566, 18099.95316415512, -8300.941353505068, 3098.6351358252896, -2899.9521472025467, 9098.780154963422, 18700.074662673072, -8899.920814664196, 6099.66342686468, 9098.882214290701, -2300.3093703599875, 9699.934064185612, 18701.667250728868]
    repeat 9  [6099.969150754998, 9100.005720363853, -8900.697720699913, -8901.224084050738, 18100.807049486597, 3700.2355632565423, 18099.478156028126, -8299.683592520536, 3100.7183701168533, -2899.987657216204, 9096.610811111148, 18700.00904487607, -8900.021158366664, 6100.354831928311, 9099.711910653985, -2298.6314434269225, 9700.032859013903, 18701.55442357733]
    Rev orth
      ["2", "2", "3", "3", "1", "1", "2"]
      ["2", "1", "3", "2", "2", "1", "3"]
      ["2", "2", "3", "1", "2", "3", "1"]
      ["2", "1", "3", "1", "3", "2", "2"]
      ["2", "2", "1", "3", "3", "2", "3"]
      ["2", "3", "3", "2", "1", "2", "3"]
      ["2", "1", "1", "3", "2", "3", "3"]
      ["2", "3", "1", "1", "2", "2", "2"]
      ["2", "2", "1", "2", "1", "3", "2"]
      ["2", "1", "1", "1", "1", "1", "1"]
      ["2", "1", "2", "2", "3", "3", "2"]
      ["2", "3", "2", "3", "2", "1", "2"]
      ["2", "2", "2", "1", "3", "1", "3"]
      ["2", "1", "2", "3", "1", "2", "1"]
      ["2", "2", "2", "2", "2", "2", "1"]
      ["2", "3", "2", "1", "1", "3", "3"]
      ["2", "3", "1", "2", "3", "1", "1"]
      ["2", "3", "3", "3", "3", "3", "1"]
  level = 2
    repeat 0  [6200.000288510926, 9200.08088481341, -8801.544508177809, -8800.05975319672, 18198.147835084746, 3798.667964083244, 18198.026185665676, -8199.20060320683, 3203.033331460933, -2800.0009303968586, 9201.700087743882, 18799.95506396592, -8800.032710739792, 6200.142107943943, 9200.180236331435, -2198.75133657709, 9799.992964386858, 18802.048164487205]
    repeat 1  [6199.983149606831, 9199.980302325388, -8799.215413740272, -8800.078722968748, 18200.66810851476, 3799.89054281345, 18199.003323122004, -8199.717782493057, 3198.6041017304688, -2800.0430324577687, 9201.38824980245, 18800.01426677761, -8799.957205594535, 6200.071916301076, 9200.744205702526, -2199.769423623688, 9800.102464887937, 18799.333965291626]
    repeat 2  [6200.04504097138, 9200.090529970057, -8801.727330405556, -8800.369630525238, 18200.513841711443, 3800.6799274088526, 18200.27314151648, -8200.461822306348, 3201.513137369084, -2799.9045152366643, 9199.089181236894, 18799.93731858213, -8799.91476529633, 6200.552988474644, 9199.290913814106, -2200.3772792222207, 9800.076274375075, 18799.442964656653]
    repeat 3  [6199.95234732714, 9200.075364230552, -8798.259339204922, -8799.65337474115, 18199.008668757524, 3800.5350613726814, 18200.15078475393, -8200.123912337629, 3201.008642980063, -2800.0073458268994, 9199.38977996291, 18800.012432236508, -8800.044155232563, 6200.2659346626015, 9199.286146923983, -2197.7178643126213, 9800.014443143535, 18799.200881273722]
    repeat 4  [6199.925730945328, 9199.961904782826, -8799.643989227377, -8799.532711901724, 18199.477579451926, 3800.790164113905, 18198.455429589627, -8199.549412044871, 3198.475049970181, -2799.9960666266725, 9199.057894097758, 18800.040222456148, -8799.998715460228, 6200.053634897071, 9198.793206703484, -2203.0873199384932, 9800.031771554633, 18799.421293316384]
    repeat 5  [6200.06913077024, 9200.090295274864, -8800.149924116375, -8799.912101336986, 18200.445584824854, 3800.9799015695176, 18197.65259943484, -8199.855135742286, 3200.6101902347923, -2799.9909043022735, 9198.50387250218, 18799.945078863384, -8799.873872818405, 6200.694354443732, 9198.19945825373, -2202.5257700912302, 9799.972661838066, 18798.701721716003]
    repeat 6  [6199.978145176233, 9200.002329659324, -8800.258866418586, -8800.293604650029, 18199.736758241354, 3799.5678231706133, 18198.636297083503, -8198.692135719535, 3200.4289901578463, -2799.863804469014, 9201.964251068544, 18800.111524980206, -8799.957151424662, 6200.022199735343, 9201.102646761645, -2203.6896797248955, 9799.879463664725, 18802.03935629215]
    repeat 7  [6200.059104198731, 9199.978721348933, -8800.821443301691, -8800.403358706226, 18200.72023758552, 3799.560165817307, 18201.356993646503, -8200.922758207586, 3199.424849015109, -2799.9364311282948, 9199.922728931528, 18800.02847842585, -8800.104418112334, 6200.060983920121, 9199.148226830861, -2199.4685124579296, 9800.033371224057, 18800.475672909295]
    repeat 8  [6199.9920014965655, 9200.096466124285, -8800.824514332002, -8799.824839726189, 18200.031496043466, 3799.931628642504, 18200.397014539107, -8199.222922081664, 3200.748552355397, -2800.0612354912573, 9200.082408757049, 18800.115491485423, -8800.06919382928, 6200.396208686552, 9200.20067758778, -2201.86460810233, 9800.183160519295, 18799.708444370306]
    repeat 9  [6200.025577507195, 9199.89418229471, -8800.359618223529, -8799.542534980079, 18200.359022004828, 3800.506790841914, 18199.640616196073, -8199.850332066666, 3201.415465577534, -2800.0762849023736, 9200.189174542957, 18800.013538528154, -8799.989947134733, 6199.858317866619, 9200.170108474988, -2200.5354393731286, 9799.897359276965, 18800.349528346735]
    Rev orth
      ["3", "2", "3", "3", "1", "1", "2"]
      ["3", "1", "3", "2", "2", "1", "3"]
      ["3", "2", "3", "1", "2", "3", "1"]
      ["3", "1", "3", "1", "3", "2", "2"]
      ["3", "2", "1", "3", "3", "2", "3"]
      ["3", "3", "3", "2", "1", "2", "3"]
      ["3", "1", "1", "3", "2", "3", "3"]
      ["3", "3", "1", "1", "2", "2", "2"]
      ["3", "2", "1", "2", "1", "3", "2"]
      ["3", "1", "1", "1", "1", "1", "1"]
      ["3", "1", "2", "2", "3", "3", "2"]
      ["3", "3", "2", "3", "2", "1", "2"]
      ["3", "2", "2", "1", "3", "1", "3"]
      ["3", "1", "2", "3", "1", "2", "1"]
      ["3", "2", "2", "2", "2", "2", "1"]
      ["3", "3", "2", "1", "1", "3", "3"]
      ["3", "3", "1", "2", "3", "1", "1"]
      ["3", "3", "3", "3", "3", "3", "1"]
factor = 1
  level = 0
    repeat 0  [6100.011714798645, 9200.105746071411, -9600.232918275995, -8899.825343127219, 17400.063304406405, 2400.7505516576934, 18099.86445547194, -8800.133109354703, 3198.4051098807013, -3600.047569812878, 8401.722179641642, 17399.99421118445, -8800.057133540242, 6200.129460279808, 9100.893976541089, -2899.8692188717087, 9099.958228404332, 18200.94172804863]
    repeat 1  [6099.974292895898, 9199.975307396055, -9600.40818291199, -8900.58441986631, 17400.18917295365, 2400.165656461504, 18098.50801365224, -8800.751335682424, 3201.8092800361524, -3599.9703623350815, 8397.745863948488, 17400.007577549488, -8799.871928571622, 6199.875142002451, 9099.289526801605, -2903.1145005051794, 9099.95980510563, 18200.049465751617]
    repeat 2  [6100.10774722851, 9200.007594142331, -9601.125173257014, -8899.046132291882, 17398.87029555703, 2398.9555096073595, 18099.84891774557, -8799.707859501528, 3199.6216479519217, -3600.179656983021, 8401.955350291335, 17399.93578947174, -8799.957170718926, 6200.883223460301, 9100.013988025034, -2901.3364219798304, 9100.056350845707, 18199.08076527191]
    repeat 3  [6099.90919022689, 9200.071389262248, -9597.992920323544, -8899.57998485789, 17401.677037194422, 2399.4331089454745, 18099.175892282055, -8801.214626854417, 3198.9078107752566, -3600.084241703359, 8401.293204315209, 17399.957462785842, -8799.984878438916, 6200.7457036452315, 9100.876693782717, -2898.049274590402, 9100.061774269792, 18201.2637083043]
    repeat 4  [6099.924235539215, 9200.026366927807, -9600.701344493737, -8899.854645234209, 17399.385878654964, 2400.037169757689, 18097.635485971536, -8800.75425291562, 3199.754375013425, -3600.0281157298214, 8399.36820550578, 17400.10013566455, -8800.076189587939, 6200.896426324977, 9099.873070752094, -2900.297609401291, 9100.010043740116, 18200.123760313953]
    repeat 5  [6099.923704429684, 9199.978731807618, -9601.209609462765, -8899.44121858268, 17400.92024092517, 2399.8426064303903, 18098.39376662874, -8801.116704350954, 3198.806327166448, -3600.0409827324347, 8401.03535535622, 17399.939241275304, -8800.035631942037, 6200.3939945230595, 9100.421903253435, -2900.785453600495, 9099.92942542868, 18198.53021525711]
    repeat 6  [6100.044821178538, 9200.048927953207, -9599.580070736638, -8900.899703584017, 17400.16915443586, 2399.1097322049177, 18098.101118519804, -8800.388285999925, 3200.14712547427, -3600.037712574263, 8402.711840026288, 17399.94738031155, -8800.008188433396, 6200.155273446053, 9099.89034021072, -2900.48511759536, 9099.87933427377, 18201.10759344088]
    repeat 7  [6099.837048332206, 9199.845393906982, -9598.30708901813, -8899.393953098439, 17399.6203211112, 2399.687074115104, 18101.622574599016, -8800.251706375891, 3199.2035757591366, -3599.9641004093924, 8401.01110363407, 17400.03712305203, -8799.957660667029, 6200.089989836194, 9098.90125599096, -2899.3115674663427, 9100.012487015489, 18201.096627925694]
    repeat 8  [6099.9838477383055, 9200.084809753009, -9600.455848036716, -8899.63120966068, 17399.682047313123, 2400.3391261138872, 18102.25415438174, -8800.036774809882, 3200.174542950651, -3600.0488106774524, 8398.760039426288, 17400.086101816774, -8800.093608823148, 6199.842017398344, 9099.513037475283, -2897.320355796922, 9100.0007816915, 18201.39131040537]
    repeat 9  [6100.007546873935, 9200.031358166132, -9599.608667330456, -8899.719861288562, 17400.32360168834, 2399.4941069513884, 18100.252713025522, -8799.559297178017, 3199.5701168381174, -3600.051025658442, 8397.980385682811, 17399.968341105676, -8799.925252409837, 6199.655605717282, 9100.43786928842, -2900.2901136751434, 9100.053376976048, 18200.78914229256]
    Rev orth
      ["2", "1", "3", "3", "1", "1", "2"]
      ["3", "1", "3", "2", "2", "1", "3"]
      ["1", "1", "3", "1", "2", "3", "1"]
      ["2", "1", "3", "1", "3", "2", "2"]
      ["1", "1", "1", "3", "3", "2", "3"]
      ["1", "1", "3", "2", "1", "2", "3"]
      ["2", "1", "1", "3", "2", "3", "3"]
      ["3", "1", "1", "1", "2", "2", "2"]
      ["3", "1", "1", "2", "1", "3", "2"]
      ["1", "1", "1", "1", "1", "1", "1"]
      ["1", "1", "2", "2", "3", "3", "2"]
      ["1", "1", "2", "3", "2", "1", "2"]
      ["3", "1", "2", "1", "3", "1", "3"]
      ["3", "1", "2", "3", "1", "2", "1"]
      ["2", "1", "2", "2", "2", "2", "1"]
      ["2", "1", "2", "1", "1", "3", "3"]
      ["2", "1", "1", "2", "3", "1", "1"]
      ["3", "1", "3", "3", "3", "3", "1"]
  level = 1
    repeat 0  [6099.9176261395605, 9199.887233509948, -9600.221441684935, -8900.201279333538, 17399.32534175037, 2400.5350934159887, 18099.165094702283, -8800.924457861573, 3199.97775104411, -3600.044298639122, 8400.732575960921, 17399.865931748776, -8800.104524653472, 6200.245236347147, 9099.607179228535, -2899.2237699912043, 9100.039944751763, 18200.01076560836]
    repeat 1  [6100.06956673634, 9200.056561711626, -9602.197726720406, -8899.560689137134, 17399.781560558025, 2400.42796966633, 18099.696683295835, -8799.138964739008, 3199.4764175325836, -3600.0115493376534, 8401.158842586543, 17399.950067333062, -8800.057246622742, 6198.237290907417, 9100.486076590882, -2901.215582230538, 9100.038804830141, 18200.174264038393]
    repeat 2  [6100.026114090298, 9200.02976743343, -9602.696005769958, -8900.827288426535, 17399.545261561474, 2399.918572888546, 18100.59751225184, -8800.183781070322, 3199.136976035831, -3600.0559942699497, 8401.662864067155, 17400.085111921497, -8800.056121367545, 6200.728936058193, 9100.51212354777, -2899.913831941217, 9100.17562143097, 18200.223264946344]
    repeat 3  [6099.94809196724, 9200.014910616626, -9599.661651221335, -8900.587008355727, 17400.486507430647, 2398.7443071869193, 18099.545148746183, -8800.46246871576, 3199.1799365624856, -3600.1503840671585, 8399.639637593495, 17400.020889916166, -8799.8803942043, 6199.08984116875, 9100.200970911494, -2899.5768797689416, 9100.015620986202, 18200.05828616707]
    repeat 4  [6100.132803797667, 9200.00878553928, -9598.05083314255, -8899.343370702374, 17399.25177153964, 2399.875337294691, 18099.838877910883, -8801.224088221725, 3199.0130109735574, -3600.038825407802, 8399.72507330827, 17399.89387883157, -8800.123707645631, 6201.427895489716, 9101.387691241502, -2901.657181657925, 9100.081258984657, 18200.464848964973]
    repeat 5  [6099.955989420795, 9200.001354250611, -9601.975259413557, -8900.483574320375, 17400.834356648036, 2400.930836455297, 18099.83943548811, -8800.491934797263, 3198.9756332858155, -3600.1191806408124, 8398.000212654144, 17399.95099194096, -8799.881445210307, 6199.456181909045, 9100.33230887146, -2899.6139138537487, 9099.90472995848, 18201.73188649244]
    repeat 6  [6100.104149772597, 9200.030517403728, -9600.520295135417, -8900.634672767477, 17401.05443093557, 2399.820782388053, 18100.93084062035, -8800.523167038635, 3200.473172129256, -3599.9199294454043, 8400.004384597923, 17399.902234624602, -8800.06849433394, 6200.059640164973, 9098.126140135384, -2899.2309621352933, 9099.980203092871, 18200.897521865318]
    repeat 7  [6100.125354618829, 9200.006914180802, -9600.91725718516, -8901.041885114428, 17399.527371179407, 2399.5124128984644, 18099.870634121715, -8801.152424255519, 3199.847154811007, -3600.0511826444717, 8399.958903123688, 17399.93520137845, -8799.931786694266, 6199.945062353523, 9099.252416547739, -2902.503270451275, 9099.986017141066, 18197.415904286936]
    repeat 8  [6099.955018828443, 9200.015534243988, -9601.834198265946, -8899.91531353549, 17399.404633660055, 2398.530415087894, 18098.613999655026, -8799.579711023778, 3201.3306742500567, -3600.061960564065, 8398.984428637996, 17400.059784335583, -8799.974711812236, 6200.052707658404, 9100.490015122292, -2901.0077287891813, 9099.935455582008, 18202.357320277955]
    repeat 9  [6099.8788578207905, 9199.964049891129, -9600.246681789034, -8898.778519701224, 17400.164925583358, 2399.088349759677, 18099.969378372392, -8799.89916823085, 3198.849492032659, -3599.889220702958, 8399.613798914497, 17399.970387051886, -8800.029525591674, 6199.5088456044605, 9099.507840304397, -2897.3799071116437, 9100.06478146742, 18201.437389551804]
    Rev orth
      ["2", "2", "3", "3", "1", "1", "2"]
      ["3", "2", "3", "2", "2", "1", "3"]
      ["1", "2", "3", "1", "2", "3", "1"]
      ["2", "2", "3", "1", "3", "2", "2"]
      ["1", "2", "1", "3", "3", "2", "3"]
      ["1", "2", "3", "2", "1", "2", "3"]
      ["2", "2", "1", "3", "2", "3", "3"]
      ["3", "2", "1", "1", "2", "2", "2"]
      ["3", "2", "1", "2", "1", "3", "2"]
      ["1", "2", "1", "1", "1", "1", "1"]
      ["1", "2", "2", "2", "3", "3", "2"]
      ["1", "2", "2", "3", "2", "1", "2"]
      ["3", "2", "2", "1", "3", "1", "3"]
      ["3", "2", "2", "3", "1", "2", "1"]
      ["2", "2", "2", "2", "2", "2", "1"]
      ["2", "2", "2", "1", "1", "3", "3"]
      ["2", "2", "1", "2", "3", "1", "1"]
      ["3", "2", "3", "3", "3", "3", "1"]
  level = 2
    repeat 0  [6700.015906393222, 9800.021033202504, -8999.323945953849, -8299.84465079309, 18000.489726543343, 2999.348630629727, 18697.575683180126, -8200.553929559572, 3799.0141134735723, -2999.9970529202096, 9000.399494372134, 17999.8694049018, -8199.888561027845, 6800.7144614709305, 9699.54185255461, -2300.5560543801794, 9699.977170351602, 18798.745242029807]
    repeat 1  [6700.017478121071, 9800.004046084407, -9000.125452545175, -8299.73275236577, 18000.43439174446, 2998.9584702327415, 18701.38997549638, -8200.125662592005, 3800.317471312756, -3000.023864654245, 9000.526091654909, 18000.04142531206, -8200.087169488315, 6799.367674510852, 9700.803946233727, -2299.8756992901504, 9699.937644413043, 18799.898274573214]
    repeat 2  [6700.004285234687, 9799.931350462786, -9001.529723483378, -8300.015282499839, 18000.790587557167, 3000.1043032502093, 18702.616645292263, -8198.483978919508, 3800.214491463928, -2999.9958331766497, 8999.940590207512, 17999.91584578298, -8200.035264483227, 6799.332719280949, 9699.722964080287, -2298.623969856577, 9700.028628404145, 18799.11821584987]
    repeat 3  [6699.929809771717, 9800.119113926628, -9001.029989872899, -8298.887925827437, 18000.08688403298, 3000.966268920025, 18698.00801784074, -8199.29759316684, 3799.9962430049086, -3000.0377589136588, 8998.823684613179, 18000.00141583481, -8200.047465716163, 6800.6791457226545, 9701.014744634807, -2301.1063425484913, 9700.000041801306, 18798.589247208787]
    repeat 4  [6699.950992292879, 9800.02131060087, -8999.180242838249, -8300.449773539309, 17999.9460359126, 2999.756776493527, 18699.108710965436, -8200.802074368165, 3799.339345897005, -3000.023051637969, 9001.836877861973, 17999.88721730642, -8200.052329842205, 6799.8048321147935, 9699.711560215836, -2299.9873271616652, 9700.2548238733, 18798.2345428026]
    repeat 5  [6700.030016834649, 9799.961393133895, -9000.941862869011, -8301.240654064426, 17999.921190011868, 2999.652235650271, 18701.54988185016, -8198.240812219725, 3801.4458196535843, -2999.9710489308623, 9001.834513673128, 18000.110836607746, -8200.166221128187, 6800.70850319557, 9700.37859948102, -2300.627458580731, 9699.971696915993, 18799.942107592837]
    repeat 6  [6700.0877163621435, 9800.083027633387, -9000.204483061261, -8301.180448014258, 17998.30974789521, 3000.0172334799277, 18702.393339474038, -8200.090323504377, 3802.3683673858022, -2999.9652413572767, 8999.46676787981, 17999.992138947262, -8200.037452321845, 6799.857257801761, 9699.881114771351, -2301.0035525066937, 9699.933233037797, 18799.318880772425]
    repeat 7  [6700.054186481431, 9799.982148822595, -8999.506821504354, -8299.792739019684, 17999.824303497528, 2999.903359955707, 18699.701231639323, -8198.640150879446, 3800.0163722754896, -2999.9318257491987, 8998.474483407688, 18000.001014280337, -8199.996837385734, 6800.451495069341, 9700.25757668546, -2301.254177207178, 9700.030732176558, 18797.49969507485]
    repeat 8  [6699.962854005724, 9799.979203371608, -9001.269228228799, -8299.800269466676, 18001.49202939924, 3000.477744767042, 18698.772039609557, -8199.850552990327, 3799.6903261153416, -3000.015545963107, 9000.809958333964, 17999.864098586768, -8199.9546549617, 6800.852904239006, 9698.373129365344, -2300.626128237457, 9699.96305441424, 18800.53584441211]
    repeat 9  [6699.965626279534, 9800.017832388025, -9000.092161296297, -8300.411123522703, 18000.389430923104, 2999.389283202351, 18700.460408174524, -8200.043981861012, 3800.011934306372, -3000.0020110138194, 8997.914616970276, 17999.91002732269, -8200.104993519435, 6799.839505102733, 9700.090966153635, -2300.3428042795704, 9700.141561587094, 18799.199474163706]
    Rev orth
      ["2", "3", "3", "3", "1", "1", "2"]
      ["3", "3", "3", "2", "2", "1", "3"]
      ["1", "3", "3", "1", "2", "3", "1"]
      ["2", "3", "3", "1", "3", "2", "2"]
      ["1", "3", "1", "3", "3", "2", "3"]
      ["1", "3", "3", "2", "1", "2", "3"]
      ["2", "3", "1", "3", "2", "3", "3"]
      ["3", "3", "1", "1", "2", "2", "2"]
      ["3", "3", "1", "2", "1", "3", "2"]
      ["1", "3", "1", "1", "1", "1", "1"]
      ["1", "3", "2", "2", "3", "3", "2"]
      ["1", "3", "2", "3", "2", "1", "2"]
      ["3", "3", "2", "1", "3", "1", "3"]
      ["3", "3", "2", "3", "1", "2", "1"]
      ["2", "3", "2", "2", "2", "2", "1"]
      ["2", "3", "2", "1", "1", "3", "3"]
      ["2", "3", "1", "2", "3", "1", "1"]
      ["3", "3", "3", "3", "3", "3", "1"]
factor = 2
  level = 0
    repeat 0  [6100.109452513143, 9199.92552704385, -9597.910229874087, -8900.722447248248, 17399.794058998723, 3000.057265715407, 18103.822797137575, -8199.402865199094, 3198.5085416174074, -3599.9412318573964, 8399.403195510948, 17999.97123027569, -8799.99458175598, 6201.0977671930395, 9099.908068115254, -2297.177574197171, 9700.040604017839, 18799.397721530593]
    repeat 1  [6099.893661049008, 9200.157028530266, -9596.515546808705, -8900.474269285089, 17399.385190750163, 2998.760123435467, 18102.971285787375, -8200.857217483746, 3200.6127691529164, -3599.9821851046295, 8398.8784904479, 17999.968449556927, -8800.01034647854, 6199.699579843072, 9100.27517167107, -2299.842024745244, 9699.803689396349, 18802.437654696896]
    repeat 2  [6100.031729817848, 9200.048703130346, -9597.994592411524, -8900.059395913302, 17401.280211034, 3000.3641341903103, 18103.231134857517, -8199.761919868179, 3199.5414039181305, -3600.021146639887, 8398.540204102213, 18000.017399390916, -8800.013016187819, 6201.194716652185, 9100.550459489556, -2300.2850721077807, 9700.022883775484, 18799.44881011841]
    repeat 3  [6100.078304204374, 9200.02800046828, -9600.023749818893, -8899.912326145759, 17400.30307442869, 2999.4189755901916, 18100.22686190282, -8200.495481339927, 3201.7905131313614, -3600.044929624089, 8399.272136747053, 18000.05009518759, -8799.979226023164, 6199.188684395085, 9099.43453708931, -2299.3253136361604, 9699.92276970689, 18801.479730613613]
    repeat 4  [6099.888400800447, 9199.939266656867, -9601.142470171415, -8899.66591319454, 17400.516579228275, 2999.8015984014546, 18100.35406255043, -8199.65647502207, 3198.8724448756434, -3600.0968097773407, 8400.913007807763, 17999.823483671247, -8799.896179368983, 6200.133497801688, 9100.399451625302, -2300.3340047313395, 9699.867382649692, 18798.336085648894]
    repeat 5  [6100.024786781063, 9199.938407506024, -9600.61940044785, -8900.117918817552, 17400.161040097697, 2999.518497162107, 18099.79490892644, -8200.25789720783, 3198.4105084355533, -3600.013159088877, 8400.502188908595, 17999.930359653747, -8800.049202883245, 6199.979198447755, 9099.927366843283, -2301.420704695834, 9699.98463430951, 18800.588260909168]
    repeat 6  [6100.054944424734, 9200.144305483385, -9602.179152877306, -8900.705436739787, 17399.103344994783, 3000.3850119560766, 18099.149004189298, -8199.859056201556, 3198.3334809737894, -3600.1105424287916, 8398.242412757696, 18000.089490844526, -8800.023039933052, 6200.156997888947, 9099.867897034786, -2299.416245752137, 9700.171388938337, 18797.09246034304]
    repeat 7  [6099.911082734121, 9199.965030823223, -9600.493384213278, -8898.442065861615, 17399.736352277298, 2999.6474850721493, 18100.045308415927, -8201.049559884787, 3200.069284764751, -3599.9766764006954, 8400.795867131543, 18000.010233690482, -8800.098901645646, 6198.518195207879, 9099.750475759643, -2299.5167688705837, 9699.881833815047, 18803.311903406444]
    repeat 8  [6100.101075762089, 9200.014987721574, -9598.731822583251, -8900.303603419592, 17400.27977835315, 2999.324369186809, 18099.10796679798, -8199.830606871055, 3198.499762048014, -3599.9776825780013, 8402.94626193304, 18000.0192678895, -8800.106538682645, 6199.082413297681, 9100.763679401285, -2296.770971333221, 9700.223570124042, 18800.840207211073]
    repeat 9  [6099.9487147912, 9200.065565133647, -9599.323843674965, -8899.056057102238, 17400.2766704031, 3000.642712941693, 18099.055282732006, -8200.218650307683, 3201.3817866525096, -3599.916357055067, 8401.255687485087, 17999.97876867933, -8800.078331296198, 6198.385417206068, 9099.626439019275, -2300.5070491108268, 9699.999185069544, 18799.17473877247]
    Rev orth
      ["2", "2", "1", "3", "1", "1", "2"]
      ["3", "1", "1", "2", "2", "1", "3"]
      ["1", "2", "1", "1", "2", "3", "1"]
      ["2", "1", "1", "1", "3", "2", "2"]
      ["1", "2", "1", "3", "3", "2", "3"]
      ["1", "3", "1", "2", "1", "2", "3"]
      ["2", "1", "1", "3", "2", "3", "3"]
      ["3", "3", "1", "1", "2", "2", "2"]
      ["3", "2", "1", "2", "1", "3", "2"]
      ["1", "1", "1", "1", "1", "1", "1"]
      ["1", "1", "1", "2", "3", "3", "2"]
      ["1", "3", "1", "3", "2", "1", "2"]
      ["3", "2", "1", "1", "3", "1", "3"]
      ["3", "1", "1", "3", "1", "2", "1"]
      ["2", "2", "1", "2", "2", "2", "1"]
      ["2", "3", "1", "1", "1", "3", "3"]
      ["2", "3", "1", "2", "3", "1", "1"]
      ["3", "3", "1", "3", "3", "3", "1"]
  level = 1
    repeat 0  [6100.053581598627, 9199.945570785903, -9600.737466694029, -8899.352919651723, 17399.774117312158, 3000.4954575881957, 18100.45288604557, -8199.967070806117, 3198.1019566284344, -3600.000627853368, 8401.168244126622, 17999.999636696546, -8800.193383890672, 6200.026310482908, 9099.908699359154, -2302.3327677916327, 9699.916936001859, 18798.56427730357]
    repeat 1  [6100.124066315689, 9200.01357466102, -9599.868836276119, -8899.91134725181, 17398.495113054454, 2999.9841124638497, 18100.00019623528, -8199.7164406591, 3199.1086352949997, -3600.078088926451, 8401.187315369893, 17999.986728271924, -8799.994959727286, 6199.834995640582, 9100.371748407526, -2298.841088381099, 9700.080767651973, 18800.93286600242]
    repeat 2  [6100.082393366072, 9199.9279606158, -9599.475520770995, -8899.141580449848, 17400.35986225245, 3000.4377701108497, 18099.13204016692, -8200.458071842031, 3201.6428077592363, -3599.9396486459373, 8397.606428237668, 18000.110795951117, -8799.996403337502, 6199.8910224496, 9099.837784361529, -2299.4342997523513, 9699.989034578975, 18800.72801709732]
    repeat 3  [6100.010593921161, 9200.056464549829, -9598.727841445087, -8900.266891416904, 17400.397908812174, 2999.721310343004, 18101.5519909184, -8199.887020381528, 3200.9363335320086, -3599.9611907007397, 8402.012856342835, 18000.105158936105, -8799.9860576148, 6199.774031059421, 9099.398901850574, -2298.365785055421, 9700.077719551002, 18799.687710934748]
    repeat 4  [6099.971972836429, 9200.043277801702, -9598.376102270584, -8899.955074106974, 17400.530292853047, 2999.590669919862, 18100.29401101244, -8198.974520917118, 3198.575574877962, -3599.988815984366, 8400.093814076803, 17999.895853580714, -8800.055113149183, 6200.845881571189, 9099.82796365237, -2299.7708036735457, 9700.018960626334, 18799.609613403212]
    repeat 5  [6100.120999262917, 9199.9777031906, -9599.873235314517, -8900.140232272064, 17399.07182797366, 2999.1159359230583, 18100.497444766053, -8200.03322108958, 3200.612248571275, -3600.0154054214313, 8401.046387458386, 17999.9904334179, -8800.130793529312, 6199.428319021248, 9101.266377188898, -2301.8318453749685, 9700.026649266749, 18798.40885537699]
    repeat 6  [6100.033544361724, 9200.015848608646, -9599.128364806524, -8900.118849106753, 17400.642502706698, 3000.3166125294374, 18100.07311498599, -8201.06779783387, 3200.687105459437, -3599.9600313472365, 8399.663540248199, 17999.969548334106, -8799.999180756204, 6200.92124790599, 9098.497238130538, -2304.4370342161606, 9700.10130846999, 18799.964115952054]
    repeat 7  [6100.0176286889355, 9200.025614020964, -9599.91398262271, -8900.94504424701, 17400.11081246443, 3000.6680751371678, 18098.815172621682, -8200.464253715878, 3200.8239930532313, -3599.982806677373, 8401.473141018381, 18000.146123326325, -8799.935618073996, 6199.424509442728, 9099.779869861644, -2297.6400838447685, 9699.93429646549, 18801.395154448837]
    repeat 8  [6100.058050646852, 9199.981248228032, -9599.404136509365, -8899.649857017757, 17399.438509542262, 3000.152281130133, 18099.818488403038, -8199.241111700763, 3200.435024939105, -3600.1463756082385, 8398.84052756158, 18000.046736946766, -8800.064366716219, 6199.769306269724, 9101.264437307775, -2298.6200807236683, 9699.863124547508, 18801.218090285474]
    repeat 9  [6100.041748210621, 9200.04647309114, -9600.401380757134, -8898.881618148616, 17400.810939296985, 2999.427675921014, 18101.251895549394, -8200.459021594947, 3201.438060719169, -3600.0342809662993, 8399.362266391954, 17999.906402173718, -8800.042767332277, 6200.235995558086, 9099.938160917414, -2299.1705221067295, 9700.004348651837, 18800.349527790906]
    Rev orth
      ["2", "2", "2", "3", "1", "1", "2"]
      ["3", "1", "2", "2", "2", "1", "3"]
      ["1", "2", "2", "1", "2", "3", "1"]
      ["2", "1", "2", "1", "3", "2", "2"]
      ["1", "2", "2", "3", "3", "2", "3"]
      ["1", "3", "2", "2", "1", "2", "3"]
      ["2", "1", "2", "3", "2", "3", "3"]
      ["3", "3", "2", "1", "2", "2", "2"]
      ["3", "2", "2", "2", "1", "3", "2"]
      ["1", "1", "2", "1", "1", "1", "1"]
      ["1", "1", "2", "2", "3", "3", "2"]
      ["1", "3", "2", "3", "2", "1", "2"]
      ["3", "2", "2", "1", "3", "1", "3"]
      ["3", "1", "2", "3", "1", "2", "1"]
      ["2", "2", "2", "2", "2", "2", "1"]
      ["2", "3", "2", "1", "1", "3", "3"]
      ["2", "3", "2", "2", "3", "1", "1"]
      ["3", "3", "2", "3", "3", "3", "1"]
  level = 2
    repeat 0  [6100.117314621381, 9199.978758910109, -9600.142297827078, -8900.951209010984, 17400.10841370177, 3000.824430874148, 18100.912121428944, -8199.855178209113, 3199.6276660571634, -3600.046588363393, 8397.887346386518, 17999.903362025798, -8800.123491047545, 6200.503262569929, 9100.141610731718, -2301.159986988042, 9699.891069398007, 18799.596266851928]
    repeat 1  [6100.047279900027, 9199.95265504777, -9598.367926057224, -8899.327418872506, 17400.89071127198, 3001.057595841069, 18099.589110515455, -8199.716645357872, 3200.1510752238205, -3600.004010008922, 8398.218458776973, 18000.17063779983, -8800.005363809258, 6201.197275719641, 9100.25361989486, -2299.983931669956, 9699.893358417085, 18800.498074555337]
    repeat 2  [6099.930160092384, 9199.999917893574, -9599.66061932101, -8898.606930142822, 17398.724206910938, 2999.5724328860206, 18099.976521447355, -8199.39936331422, 3202.8209321464756, -3600.057718093011, 8401.081297293502, 17999.93921350198, -8799.995258085884, 6200.345679182743, 9100.09886796398, -2299.824261231109, 9699.925950610845, 18801.486473753142]
    repeat 3  [6100.011836445273, 9199.989995613469, -9600.870908092647, -8900.681687787197, 17399.653133972366, 3000.8615426463066, 18100.508342982437, -8201.101034902611, 3199.7010033587044, -3599.976850205724, 8399.475988763228, 17999.964079963156, -8799.924553930528, 6200.307547543726, 9099.548149042921, -2302.5348137612223, 9700.032222921189, 18800.889872288142]
    repeat 4  [6099.96607617135, 9199.945871094393, -9600.731952886568, -8900.230472991589, 17399.076336042595, 2999.9475057154714, 18100.9577294952, -8199.867438208117, 3198.376635556808, -3600.095483561205, 8400.274562466515, 17999.938092051565, -8799.992428462554, 6200.570011356398, 9100.017658800722, -2301.6246637253357, 9699.98178632121, 18800.47170248126]
    repeat 5  [6100.05168567251, 9199.98556597399, -9601.461516448626, -8900.575268267505, 17400.360098328933, 3001.171286762849, 18100.5721857412, -8200.622669342038, 3200.8482883856727, -3599.9645830780514, 8399.34833446306, 17999.99841168602, -8800.049969823238, 6200.130083505068, 9100.717532899813, -2297.662124233232, 9700.064720963697, 18797.316200558547]
    repeat 6  [6099.964049163604, 9199.959772627873, -9600.322272777834, -8899.838062161987, 17399.16954698768, 2999.616970977432, 18099.779414698438, -8199.201467371975, 3202.079879963394, -3600.0880952794346, 8399.854365063682, 18000.127885720933, -8799.926184002752, 6200.289525799379, 9099.924554960397, -2301.825831344668, 9700.009511524073, 18800.88590701978]
    repeat 7  [6100.1595638316385, 9199.900210902344, -9600.512837574164, -8901.844102400617, 17400.59021945459, 2999.1433265775368, 18101.642625666256, -8200.00107073866, 3198.820997480899, -3599.948038972662, 8398.683774109575, 17999.892566285693, -8800.001891214783, 6199.62573598019, 9098.658013428678, -2300.674760429568, 9699.975630051187, 18797.974776764597]
    repeat 8  [6099.891236871082, 9200.054896870071, -9599.76556712411, -8900.712826435354, 17399.879310691744, 3000.000230903128, 18100.347765443712, -8199.904127742162, 3201.4313902648987, -3599.874743836404, 8399.666687015506, 17999.954405494107, -8799.916684690854, 6200.1723777526195, 9099.41948809889, -2301.141626128056, 9699.92118890925, 18799.386343572514]
    repeat 9  [6100.06660863509, 9199.976333897379, -9600.540576232432, -8898.848752382848, 17401.279508779586, 3000.343684348177, 18098.058773778524, -8197.932849673007, 3200.0867112815586, -3600.0229344271424, 8400.125671889182, 18000.034674709314, -8800.016834397362, 6199.701613421296, 9100.212595309436, -2300.8064207978596, 9699.955526561738, 18798.99777631446]
    Rev orth
      ["2", "2", "3", "3", "1", "1", "2"]
      ["3", "1", "3", "2", "2", "1", "3"]
      ["1", "2", "3", "1", "2", "3", "1"]
      ["2", "1", "3", "1", "3", "2", "2"]
      ["1", "2", "3", "3", "3", "2", "3"]
      ["1", "3", "3", "2", "1", "2", "3"]
      ["2", "1", "3", "3", "2", "3", "3"]
      ["3", "3", "3", "1", "2", "2", "2"]
      ["3", "2", "3", "2", "1", "3", "2"]
      ["1", "1", "3", "1", "1", "1", "1"]
      ["1", "1", "3", "2", "3", "3", "2"]
      ["1", "3", "3", "3", "2", "1", "2"]
      ["3", "2", "3", "1", "3", "1", "3"]
      ["3", "1", "3", "3", "1", "2", "1"]
      ["2", "2", "3", "2", "2", "2", "1"]
      ["2", "3", "3", "1", "1", "3", "3"]
      ["2", "3", "3", "2", "3", "1", "1"]
      ["3", "3", "3", "3", "3", "3", "1"]
factor = 3
  level = 0
    repeat 0  [-2899.981732866448, -8799.996638063863, -9599.651150197173, -8899.454934037329, -9600.461214223982, -2999.4780799602127, -8899.65502575789, -8199.08568052889, -2799.449276703736, -3600.0284198263817, -9598.576790008125, -9000.027435569058, -8800.002321351845, -2800.5310863071422, -8900.273930420524, -2299.9417332340986, -8300.141493523632, -8198.134049805016]
    repeat 1  [-2899.9667084784305, -8799.994944966973, -9598.500819568526, -8899.110749179894, -9600.060532696461, -3000.3061671908476, -8896.468851121712, -8200.49219566142, -2801.0783202847565, -3599.963094804371, -9601.428762571328, -8999.961949470555, -8800.028822729064, -2800.5712727291584, -8899.772196406018, -2299.6704589338883, -8299.998199877338, -8200.004682508188]
    repeat 2  [-2900.1588675653534, -8799.954657235463, -9598.583709507879, -8899.079105515784, -9600.129175815042, -3000.4139321579214, -8897.671483152944, -8200.025143755429, -2801.1577809053974, -3600.0720997672656, -9601.142726948547, -8999.878046133284, -8799.981312567243, -2800.551560785413, -8899.238223238677, -2299.7393266284175, -8300.003665612903, -8198.908434565166]
    repeat 3  [-2899.9379504462427, -8799.990653377945, -9598.310249208587, -8899.59184428381, -9600.917538801263, -3000.5638289054564, -8899.9732955654, -8200.434382746356, -2797.714927334577, -3599.9429195801263, -9600.282003334714, -8999.881849453759, -8800.065313901472, -2800.35514941618, -8900.07273100825, -2300.50096914418, -8300.028199160626, -8198.509417586105]
    repeat 4  [-2899.937298610393, -8800.050094172817, -9599.312729236372, -8900.361366069214, -9598.653122873418, -3000.8331007193988, -8899.356723384744, -8200.994770506497, -2797.1419364585317, -3599.9716873171624, -9601.81067328646, -8999.914088855681, -8799.995127074126, -2799.7423370233546, -8899.038471423626, -2300.486606127687, -8300.056340129173, -8202.083239643871]
    repeat 5  [-2899.9511102426136, -8800.022127908578, -9598.882629450949, -8900.29832371826, -9599.8632466214, -3000.3883764168186, -8899.244497886024, -8199.037737553415, -2797.929503940714, -3600.09221242437, -9601.861086415207, -8999.985884599664, -8799.928717833072, -2799.2406475092216, -8897.987439997814, -2299.2805414175127, -8299.99551044011, -8197.781486235632]
    repeat 6  [-2899.9269108708763, -8800.084697893817, -9599.267259358408, -8900.879362792326, -9601.24976430967, -2999.233963679347, -8899.416482704897, -8199.64025109566, -2798.886382554922, -3600.031538892999, -9600.088505987815, -9000.012083700889, -8799.938023069382, -2799.373576072997, -8900.29917731251, -2297.901380687118, -8299.913603291034, -8199.999072809089]
    repeat 7  [-2900.0374558630965, -8799.989051456596, -9599.909148247832, -8899.262706381456, -9599.497808674289, -2998.27379062272, -8900.213120416467, -8199.434498266632, -2800.855710791775, -3599.967243632805, -9600.583190341593, -9000.055528109466, -8799.943286551175, -2800.758851179016, -8899.870723464584, -2300.1031794623696, -8300.129668171649, -8202.74559668078]
    repeat 8  [-2900.0108550745813, -8800.074880702705, -9599.520520520726, -8900.045763741891, -9600.335663962, -2999.45652876175, -8900.447097939412, -8201.20041599012, -2798.1809637198994, -3600.00031571558, -9599.748909608496, -9000.102650440394, -8800.080332579699, -2800.2321926717937, -8899.44697019611, -2300.2714821942914, -8299.941103322393, -8200.854269005826]
    repeat 9  [-2900.0169824846375, -8800.082144255783, -9598.093854906007, -8900.188398180951, -9599.481980647917, -3000.3952588066763, -8896.56526937571, -8201.215503159401, -2800.64304883305, -3600.024172983565, -9601.324916993532, -8999.95678122665, -8800.138631037536, -2800.5886346021757, -8901.266159827263, -2302.4078088510955, -8300.074589148626, -8199.87226903973]
    Rev orth
      ["2", "2", "3", "1", "1", "1", "2"]
      ["3", "1", "3", "1", "2", "1", "3"]
      ["1", "2", "3", "1", "2", "3", "1"]
      ["2", "1", "3", "1", "3", "2", "2"]
      ["1", "2", "1", "1", "3", "2", "3"]
      ["1", "3", "3", "1", "1", "2", "3"]
      ["2", "1", "1", "1", "2", "3", "3"]
      ["3", "3", "1", "1", "2", "2", "2"]
      ["3", "2", "1", "1", "1", "3", "2"]
      ["1", "1", "1", "1", "1", "1", "1"]
      ["1", "1", "2", "1", "3", "3", "2"]
      ["1", "3", "2", "1", "2", "1", "2"]
      ["3", "2", "2", "1", "3", "1", "3"]
      ["3", "1", "2", "1", "1", "2", "1"]
      ["2", "2", "2", "1", "2", "2", "1"]
      ["2", "3", "2", "1", "1", "3", "3"]
      ["2", "3", "1", "1", "3", "1", "1"]
      ["3", "3", "3", "1", "3", "3", "1"]
  level = 1
    repeat 0  [3099.9881762248096, 9199.98347247659, 8398.210209522804, 9098.827461011455, 8399.503631520975, 2998.858248325987, 9102.397919056853, 9799.33676053976, 3199.9827790764766, 2400.024435961787, 8398.826949488914, 8999.961024462917, 9200.137989365276, 3199.042521112238, 9098.545891263948, 3700.785290842683, 9700.026962350608, 9800.315331218886]
    repeat 1  [3100.0878651269672, 9199.894729614643, 8399.039041237305, 9101.262128235243, 8400.10418750896, 3000.011409735118, 9098.583561228932, 9800.38977014167, 3199.927334451556, 2400.061377335218, 8400.54456340458, 9000.076798918608, 9200.033105082868, 3200.186094858503, 9099.986298204944, 3700.107486211653, 9700.11455570684, 9799.717202388872]
    repeat 2  [3099.99764299705, 9200.007347483708, 8401.339627363612, 9100.79690963269, 8400.958505971814, 2999.5220056808, 9101.533932587947, 9799.443639885221, 3201.1210873440396, 2399.9910292847, 8402.454894822029, 8999.872097247207, 9199.965846038565, 3200.5281253853923, 9099.896462158533, 3702.494887671689, 9700.180977382617, 9798.677827441716]
    repeat 3  [3099.9348707921285, 9199.985565388932, 8398.660728593884, 9100.325573122016, 8400.372220108316, 3000.7936112468933, 9098.021343539365, 9800.141662989961, 3196.4022300161228, 2400.055247437938, 8400.900557326497, 8999.903703354945, 9200.036220263322, 3199.8248185514844, 9099.10766789608, 3700.031397907074, 9699.959112178421, 9799.862118811645]
    repeat 4  [3099.93334104232, 9199.967150010443, 8398.243248128925, 9100.745209804514, 8400.180683510634, 2998.959953073788, 9100.398812238927, 9799.744592804163, 3200.716290726771, 2400.0267701990974, 8400.468533278607, 8999.927649375493, 9200.092541579515, 3199.3398362938656, 9100.838040280447, 3698.2909907635617, 9699.881256589008, 9798.185102195823]
    repeat 5  [3099.950847151703, 9199.96335255506, 8399.431067093414, 9100.714379274428, 8399.974064962318, 2999.870351991224, 9101.255970898439, 9801.094921968643, 3200.034309120805, 2400.0736224532757, 8398.581126211513, 8999.863057335046, 9199.842346653506, 3199.934016450747, 9100.36811413186, 3697.7518749130495, 9699.815577109159, 9798.531744290729]
    repeat 6  [3099.949466504993, 9200.111454263513, 8402.228989712943, 9098.938287429615, 8399.883823590657, 3001.4848020502423, 9099.815304782638, 9800.544397867983, 3200.0855225948235, 2399.938336197199, 8400.41546763276, 9000.061171973315, 9200.095973381684, 3200.2194685223867, 9099.791919012065, 3698.279581332351, 9700.013521037263, 9797.909458349617]
    repeat 7  [3099.9202596243244, 9199.842678856592, 8400.096133781328, 9098.816886149456, 8399.873840976436, 2999.042851224543, 9099.38721527125, 9799.626976046009, 3199.0456339309785, 2400.071765149515, 8401.778047246169, 9000.139712893588, 9199.90975230826, 3199.4461847322295, 9099.60178548645, 3699.958677952812, 9700.031407009812, 9798.005547153656]
    repeat 8  [3099.960291505014, 9199.989970691455, 8400.091869778522, 9100.52697379, 8400.17767024798, 3000.187091606818, 9099.019269459432, 9799.071343415542, 3200.9976588543936, 2399.899093774662, 8402.689729380802, 9000.057681984177, 9200.03214018095, 3200.2969928968328, 9099.705619660428, 3699.040212888825, 9699.9906236251, 9800.465233715477]
    repeat 9  [3099.8343219001636, 9200.0565535715, 8401.797023114696, 9099.24874834614, 8399.505916836286, 3001.4355692268746, 9101.752772861253, 9800.732658117484, 3197.2918328968212, 2399.9692540553956, 8401.165397815139, 9000.048992298576, 9199.950554931867, 3200.311644655241, 9099.810812649645, 3701.0009007637473, 9699.94769971322, 9799.54968875999]
    Rev orth
      ["2", "2", "3", "2", "1", "1", "2"]
      ["3", "1", "3", "2", "2", "1", "3"]
      ["1", "2", "3", "2", "2", "3", "1"]
      ["2", "1", "3", "2", "3", "2", "2"]
      ["1", "2", "1", "2", "3", "2", "3"]
      ["1", "3", "3", "2", "1", "2", "3"]
      ["2", "1", "1", "2", "2", "3", "3"]
      ["3", "3", "1", "2", "2", "2", "2"]
      ["3", "2", "1", "2", "1", "3", "2"]
      ["1", "1", "1", "2", "1", "1", "1"]
      ["1", "1", "2", "2", "3", "3", "2"]
      ["1", "3", "2", "2", "2", "1", "2"]
      ["3", "2", "2", "2", "3", "1", "3"]
      ["3", "1", "2", "2", "1", "2", "1"]
      ["2", "2", "2", "2", "2", "2", "1"]
      ["2", "3", "2", "2", "1", "3", "3"]
      ["2", "3", "1", "2", "3", "1", "1"]
      ["3", "3", "3", "2", "3", "3", "1"]
  level = 2
    repeat 0  [6100.054178450525, 18199.940115113423, 17399.808914310208, 18100.306975509022, 17400.273426801996, 6000.251607937912, 18101.07664155596, 18800.426328328325, 6199.863993975751, 5400.041447870423, 17398.868852902542, 18000.11352787781, 18199.95504245863, 6198.771602685374, 18100.324038813294, 6700.627700902771, 18699.959063869483, 18801.058424046834]
    repeat 1  [6100.003075997296, 18199.97251110345, 17398.997160158066, 18100.982135837727, 17398.67583549785, 6000.4523585022225, 18099.078002658778, 18799.186435521686, 6200.842907514603, 5400.061710055905, 17399.710054588995, 18000.013734889606, 18200.112958079433, 6199.6426156066045, 18100.20467332327, 6701.213791504137, 18700.125372671628, 18797.940334270104]
    repeat 2  [6099.918967271697, 18200.047400198877, 17400.23919572708, 18099.798613596984, 17400.713366076205, 6001.3867236389915, 18100.556883372486, 18799.515405603852, 6198.766081824015, 5399.951531663092, 17398.874864234815, 18000.002734247486, 18199.977021601717, 6200.673607161634, 18100.935086346642, 6699.410754214736, 18700.061010746787, 18801.725615074658]
    repeat 3  [6100.0554602421125, 18200.014494864274, 17398.800400877615, 18100.271664107288, 17399.714547220912, 5999.806209018518, 18100.57438533459, 18800.442812972728, 6201.812759087691, 5399.932708464282, 17401.79399551641, 17999.979959923818, 18200.09521687813, 6201.54151269194, 18100.03008898303, 6701.592346880457, 18699.992269250582, 18800.805831039303]
    repeat 4  [6100.055777667916, 18199.948147431387, 17401.705181181802, 18099.74241363205, 17400.008658353818, 6000.098078895285, 18100.737016478113, 18800.769829055804, 6198.568200298994, 5400.02609738134, 17401.202663250322, 18000.057608110725, 18200.04574604322, 6200.134344522673, 18099.866121758547, 6697.878629624081, 18699.82066521723, 18798.780056848274]
    repeat 5  [6099.912731670426, 18200.111545406635, 17400.158423945362, 18100.654668822586, 17399.707458084093, 5998.776736048862, 18097.751740384527, 18798.323767845617, 6198.484276053232, 5400.031252860173, 17402.725199464447, 17999.97160610862, 18200.047105801634, 6198.708545968359, 18100.450332519627, 6697.562370375694, 18700.05143711725, 18802.94407964669]
    repeat 6  [6099.978367490813, 18199.970665184323, 17400.215401587022, 18100.207951903594, 17399.035139144155, 6000.658184847967, 18100.522795203102, 18800.45279905152, 6202.012536029583, 5400.056717800208, 17399.601905856376, 17999.956527596714, 18200.01234132309, 6201.237969520649, 18101.289516185767, 6697.999933790692, 18700.011288304948, 18799.478102176436]
    repeat 7  [6100.012489085861, 18199.9321323619, 17399.33629914346, 18098.663831449205, 17399.5967467531, 5999.881512386939, 18098.650072169094, 18800.525510609696, 6200.818051823149, 5400.141075864427, 17400.185760380537, 18000.01703664541, 18199.922759884696, 6199.085272616909, 18100.189860721195, 6700.169738666132, 18699.980381463913, 18798.863798213526]
    repeat 8  [6100.100175912731, 18200.059718342236, 17399.025868976954, 18100.775692479438, 17400.009788758496, 5999.930405369159, 18100.291883291688, 18799.917899020264, 6198.703133217399, 5399.983327764062, 17402.427233066348, 17999.981056826196, 18200.147346958245, 6199.295630153756, 18101.07428294203, 6697.823463454757, 18699.986698179502, 18799.83802965909]
    repeat 9  [6100.045914537772, 18200.044472338643, 17397.945676754043, 18099.3341490984, 17400.380294195496, 5999.410184068501, 18099.20667517476, 18800.162325449543, 6201.372588517036, 5399.916856939237, 17400.91903952493, 18000.099993007352, 18200.126646837725, 6199.181407698019, 18099.899306199386, 6700.605163237495, 18699.990455360647, 18800.858309262236]
    Rev orth
      ["2", "2", "3", "3", "1", "1", "2"]
      ["3", "1", "3", "3", "2", "1", "3"]
      ["1", "2", "3", "3", "2", "3", "1"]
      ["2", "1", "3", "3", "3", "2", "2"]
      ["1", "2", "1", "3", "3", "2", "3"]
      ["1", "3", "3", "3", "1", "2", "3"]
      ["2", "1", "1", "3", "2", "3", "3"]
      ["3", "3", "1", "3", "2", "2", "2"]
      ["3", "2", "1", "3", "1", "3", "2"]
      ["1", "1", "1", "3", "1", "1", "1"]
      ["1", "1", "2", "3", "3", "3", "2"]
      ["1", "3", "2", "3", "2", "1", "2"]
      ["3", "2", "2", "3", "3", "1", "3"]
      ["3", "1", "2", "3", "1", "2", "1"]
      ["2", "2", "2", "3", "2", "2", "1"]
      ["2", "3", "2", "3", "1", "3", "3"]
      ["2", "3", "1", "3", "3", "1", "1"]
      ["3", "3", "3", "3", "3", "3", "1"]
factor = 4
  level = 0
    repeat 0  [6100.048684920594, 3200.0073648907655, -3600.202421168399, -2899.9709500833897, 5398.905351127981, 3000.2490668345017, 6099.432070671966, -2200.1419730341704, 3199.418776142622, -3599.9272882088367, 2399.9407137468, 5999.956721710631, -2799.9323577748155, 6200.890260738428, 3100.034300461331, -2300.076711474986, 3699.9939158697935, 6800.8124472385625]
    repeat 1  [6100.010406320629, 3200.021903576066, -3599.47881564417, -2900.505692094771, 5399.5682211426565, 3000.763004590077, 6099.691437000942, -2199.2374762429004, 3202.0372552452395, -3599.866648648641, 2399.4999147913177, 6000.116904368416, -2799.9656115952384, 6201.222620144521, 3099.7207146289156, -2300.5828454800867, 3699.9041812061714, 6797.509893137679]
    repeat 2  [6099.987142968248, 3200.0526613233715, -3600.6920852132453, -2899.518081617642, 5399.374014926333, 2999.074914177951, 6099.476529836921, -2200.532926289319, 3199.0973478990327, -3599.9434186995445, 2399.7730062890405, 6000.075346195046, -2800.016693163381, 6200.430865586923, 3100.294151376762, -2299.6262828015047, 3700.016810114358, 6799.373108346274]
    repeat 3  [6100.039845441796, 3199.957721091607, -3598.925775014447, -2898.969103326395, 5399.0797052555545, 3000.9747400403585, 6100.357198486681, -2199.27554415432, 3202.810322367066, -3600.0476303410405, 2398.8027852996834, 6000.032538912002, -2800.008620548544, 6199.529363075668, 3100.9448919805654, -2299.4968089278286, 3699.929018475983, 6798.571825375737]
    repeat 4  [6099.9527470532885, 3199.981862236008, -3600.7099827122015, -2899.889807715183, 5400.301355993343, 3000.3097219353217, 6099.302564411938, -2200.173414668243, 3198.250946508389, -3600.0915438720294, 2401.2880895124413, 5999.953683677101, -2800.0333673814766, 6199.844823329206, 3100.0939155370907, -2299.680902009782, 3699.931985078357, 6796.641829711656]
    repeat 5  [6100.00192442699, 3199.9839812081755, -3599.2718418635554, -2900.977014986963, 5400.553659379479, 3000.324195971755, 6101.334095183828, -2200.8479643180144, 3201.1751059262356, -3600.0178850038046, 2400.019897085237, 5999.910031244156, -2800.0535819192673, 6199.831438750095, 3100.527667726662, -2301.8301064100215, 3700.1244557025884, 6799.962522058801]
    repeat 6  [6099.932009120611, 3200.0331181397996, -3600.633602573427, -2901.489816356371, 5398.665578439106, 2998.417037598767, 6099.029178121772, -2201.0311885241726, 3199.581439853784, -3599.9986404278, 2397.961312757504, 6000.112687462258, -2799.979666795119, 6199.621301085676, 3097.959119597798, -2303.086692130655, 3700.011174620671, 6798.772804575703]
    repeat 7  [6099.758508627591, 3199.9770802530834, -3600.516651917381, -2900.434190024866, 5399.397258351394, 3000.3386481098855, 6099.801098670182, -2199.2515215036065, 3200.851945223658, -3599.915169420528, 2400.6735180645655, 6000.028407172995, -2800.0223381711585, 6200.054562405057, 3098.6329563449312, -2299.9140550011994, 3699.977785586938, 6800.941442999043]
    repeat 8  [6100.040518627918, 3199.9764191908876, -3600.483621594487, -2899.8719152074723, 5399.917524240854, 3001.4539432946412, 6099.747689668194, -2201.203349553809, 3202.5593070160326, -3599.9625624625887, 2400.6175586630243, 5999.946212805427, -2800.0187641708876, 6201.736937230451, 3099.4491484363857, -2299.741424043682, 3699.9570130840107, 6800.746322744398]
    repeat 9  [6100.027461781336, 3200.0801245601474, -3598.4458788377838, -2899.4682529129545, 5399.315231016546, 2998.9778199415605, 6098.61407030502, -2199.7063315341047, 3199.222936780611, -3600.0219445168177, 2400.6592268838044, 5999.978104191191, -2800.1266982980064, 6199.129384589954, 3101.5596692498093, -2300.356696530913, 3700.0057157271367, 6799.11624601965]
    Rev orth
      ["2", "2", "3", "3", "1", "1", "2"]
      ["3", "1", "3", "2", "1", "1", "3"]
      ["1", "2", "3", "1", "1", "3", "1"]
      ["2", "1", "3", "1", "1", "2", "2"]
      ["1", "2", "1", "3", "1", "2", "3"]
      ["1", "3", "3", "2", "1", "2", "3"]
      ["2", "1", "1", "3", "1", "3", "3"]
      ["3", "3", "1", "1", "1", "2", "2"]
      ["3", "2", "1", "2", "1", "3", "2"]
      ["1", "1", "1", "1", "1", "1", "1"]
      ["1", "1", "2", "2", "1", "3", "2"]
      ["1", "3", "2", "3", "1", "1", "2"]
      ["3", "2", "2", "1", "1", "1", "3"]
      ["3", "1", "2", "3", "1", "2", "1"]
      ["2", "2", "2", "2", "1", "2", "1"]
      ["2", "3", "2", "1", "1", "3", "3"]
      ["2", "3", "1", "2", "1", "1", "1"]
      ["3", "3", "3", "3", "1", "3", "1"]
  level = 1
    repeat 0  [18100.0126598015, 9200.04855162279, -9599.257749091452, -8900.033889452014, 17399.932998446762, 9000.261537234957, 18100.27516122359, -8198.505636539343, 9198.248741125246, -9599.974310101903, 8397.520271317528, 18000.087469813276, -8799.985870686665, 18199.69804185122, 9098.256125960133, -8300.688426684677, 9699.92222355027, 18800.805896905884]
    repeat 1  [18099.96819275198, 9200.038539443321, -9598.024697933644, -8900.089895041607, 17399.22982193662, 9000.06327806488, 18101.655374947906, -8199.179403339987, 9200.53686563571, -9600.003928943892, 8398.677820141198, 17999.956815802238, -8800.036677168333, 18199.66022908348, 9100.855853779363, -8300.58865823886, 9699.901387115702, 18798.053072565992]
    repeat 2  [18099.97453003688, 9199.905709317574, -9598.787872461025, -8900.412386760105, 17399.795967809783, 9000.478544975527, 18100.178112501493, -8199.016494366117, 9200.838348851688, -9599.927371978305, 8399.479801640615, 18000.111530394584, -8800.002378459372, 18199.914689970657, 9100.227322237944, -8300.19577516113, 9700.026009547562, 18799.413983868628]
    repeat 3  [18099.96122418901, 9199.98881747395, -9601.490082799468, -8899.824521252278, 17399.44217322402, 8999.736243003577, 18103.33258999211, -8199.398184041345, 9200.749480884047, -9599.965276693802, 8400.214663358649, 18000.109235431166, -8800.07688928219, 18200.87041977225, 9099.585489310131, -8298.900578214285, 9699.817267463644, 18798.75624764028]
    repeat 4  [18099.97072795044, 9199.920435682267, -9599.07483921197, -8900.378561795358, 17399.309900161268, 8999.816734378865, 18102.615610108867, -8199.301520704556, 9199.611459170383, -9599.941293021962, 8398.12978100707, 18000.031165244778, -8799.927831258423, 18199.549501215144, 9099.753810836126, -8302.471609251816, 9700.016759711905, 18799.874478260226]
    repeat 5  [18099.980616508492, 9199.926771743703, -9600.343522121619, -8900.45906984993, 17399.30373414637, 9000.065518037787, 18099.95420337125, -8199.247432228385, 9198.921373539744, -9599.955883343748, 8400.677548192365, 18000.000364143667, -8800.076322168281, 18200.09992158471, 9099.89780475735, -8299.611161355146, 9700.016451416604, 18800.416589530923]
    repeat 6  [18099.98719127177, 9199.975284804701, -9597.315714382115, -8900.485882516121, 17400.35477901227, 8999.75114562711, 18103.10137764373, -8200.450611433618, 9202.392975430108, -9599.980054078216, 8398.872788140727, 18000.019651805695, -8799.959404447469, 18200.1853172485, 9099.867875914093, -8301.491067076035, 9700.07784258786, 18800.733287367984]
    repeat 7  [18100.076436700034, 9200.079556387329, -9600.67058252007, -8899.793065742278, 17400.088034572578, 9000.196186417632, 18098.75556847077, -8199.986186057147, 9200.85339353837, -9600.029937980247, 8399.77909051164, 17999.944510329264, -8800.055429030852, 18200.764010256, 9100.116526913838, -8299.171286722893, 9699.986742428442, 18799.804232244594]
    repeat 8  [18099.97473375553, 9199.925068499711, -9599.848584543626, -8898.619851791838, 17399.99520914137, 8999.978819359341, 18102.55734477586, -8200.332501686153, 9199.87834480567, -9599.84974073165, 8397.269448452742, 17999.989230628064, -8800.05351447549, 18199.468247186745, 9099.893006795022, -8297.301758638618, 9700.076434972869, 18800.801989736116]
    repeat 9  [18100.077150862293, 9200.109496216126, -9599.198792979025, -8899.365266265731, 17399.290715499603, 9000.434834828706, 18099.417814148797, -8199.660007480441, 9199.371458500862, -9600.01608349724, 8399.683873552836, 17999.974267160138, -8800.130459792554, 18199.67603252026, 9101.115345797085, -8298.835912108842, 9700.021743547473, 18800.03951362373]
    Rev orth
      ["2", "2", "3", "3", "2", "1", "2"]
      ["3", "1", "3", "2", "2", "1", "3"]
      ["1", "2", "3", "1", "2", "3", "1"]
      ["2", "1", "3", "1", "2", "2", "2"]
      ["1", "2", "1", "3", "2", "2", "3"]
      ["1", "3", "3", "2", "2", "2", "3"]
      ["2", "1", "1", "3", "2", "3", "3"]
      ["3", "3", "1", "1", "2", "2", "2"]
      ["3", "2", "1", "2", "2", "3", "2"]
      ["1", "1", "1", "1", "2", "1", "1"]
      ["1", "1", "2", "2", "2", "3", "2"]
      ["1", "3", "2", "3", "2", "1", "2"]
      ["3", "2", "2", "1", "2", "1", "3"]
      ["3", "1", "2", "3", "2", "2", "1"]
      ["2", "2", "2", "2", "2", "2", "1"]
      ["2", "3", "2", "1", "2", "3", "3"]
      ["2", "3", "1", "2", "2", "1", "1"]
      ["3", "3", "3", "3", "2", "3", "1"]
  level = 2
    repeat 0  [18100.03580856957, 9199.877636046089, -9599.828270287406, -8900.007660476102, 17399.778586923672, 8999.108827619597, 18098.4862416572, -8200.159681525172, 9199.847355729637, -9599.962321800102, 8400.129645435272, 18000.0355184221, -8800.005272164517, 18200.149705814623, 9099.916311047326, -8299.371770620464, 9700.008988708478, 18798.31157974743]
    repeat 1  [18100.004302220892, 9200.022143051496, -9597.931495731114, -8899.286249479808, 17399.841168549858, 9000.625861483102, 18096.933565280677, -8200.167209662768, 9198.634783625319, -9600.009615199617, 8399.526215036214, 18000.121261253913, -8800.017016221202, 18199.285340536815, 9100.162008412673, -8302.495869645089, 9700.038530586316, 18800.672549669496]
    repeat 2  [18100.052851287855, 9199.91784847293, -9598.299188491614, -8901.066628357225, 17399.82518861496, 9001.251790570344, 18098.73193083592, -8198.938073217661, 9200.83377168514, -9600.159733039192, 8398.899443385057, 18000.096771835022, -8799.86382830761, 18199.69075160404, 9099.970309346332, -8300.867174887555, 9700.037530909509, 18800.13152749767]
    repeat 3  [18100.055982770413, 9200.04286655176, -9602.782237694424, -8900.085582125705, 17398.193990434953, 9000.460227623116, 18100.552135494425, -8200.90062568677, 9199.805128879878, -9600.12754600912, 8401.540951322353, 18000.080286672917, -8799.88265069853, 18200.15304550584, 9100.331104245997, -8299.652604316478, 9699.986215719326, 18799.40798489256]
    repeat 4  [18099.987661903546, 9200.057282438747, -9600.424282282978, -8899.512534355452, 17400.689819719224, 9000.25182815823, 18097.904442587438, -8200.326680222108, 9199.710098412022, -9599.927399679342, 8399.225794707141, 18000.126559738597, -8799.941356071684, 18199.542821845043, 9100.457088141757, -8299.334790822924, 9700.033759328353, 18799.457293488176]
    repeat 5  [18100.11378174154, 9200.046561665507, -9598.391401057068, -8898.562342170826, 17400.316680579883, 8999.868635521922, 18100.89078479258, -8200.07710179226, 9202.540094176973, -9600.106510091138, 8401.764923056284, 18000.004823984236, -8799.940215171231, 18199.770845854433, 9100.579941044558, -8298.397780674271, 9699.994069037617, 18801.005019281813]
    repeat 6  [18099.983551945876, 9199.939622010748, -9598.458409593155, -8899.657635317644, 17399.63250960819, 9000.041816917712, 18100.09114850508, -8201.042020064839, 9201.187127428433, -9599.882777473626, 8400.705048216278, 18000.162555410694, -8800.177450926347, 18199.326987642864, 9099.251225037691, -8300.729632412058, 9700.065123198498, 18800.397656713154]
    repeat 7  [18100.005125234573, 9200.023148601058, -9599.89253320089, -8900.425240418404, 17399.561796870494, 8999.2493795988, 18100.45351860876, -8198.757236725274, 9201.998115565048, -9600.150144386687, 8397.932176543458, 18000.067018796988, -8799.959420636318, 18199.738522662563, 9099.035546525847, -8299.2251059508, 9699.969231425503, 18796.834386668506]
    repeat 8  [18100.024284763418, 9199.871673038375, -9599.277759856433, -8899.413993761269, 17399.375335267894, 8999.378693952278, 18100.35992089831, -8199.681573642652, 9199.512086603685, -9600.071838695232, 8399.492392458278, 18000.09209932924, -8799.946714351994, 18200.497546969247, 9101.098117404574, -8301.238476635157, 9700.01157656367, 18801.427501940307]
    repeat 9  [18100.029901156224, 9199.94432136908, -9602.590024582567, -8899.370200894135, 17399.5328397127, 8999.883829009677, 18101.08622720859, -8200.23001197227, 9199.599319670024, -9599.94453979643, 8399.527921581983, 18000.021737632083, -8800.007362438628, 18199.478876582736, 9099.902228959716, -8299.171076089258, 9699.945779911968, 18800.685340414617]
    Rev orth
      ["2", "2", "3", "3", "3", "1", "2"]
      ["3", "1", "3", "2", "3", "1", "3"]
      ["1", "2", "3", "1", "3", "3", "1"]
      ["2", "1", "3", "1", "3", "2", "2"]
      ["1", "2", "1", "3", "3", "2", "3"]
      ["1", "3", "3", "2", "3", "2", "3"]
      ["2", "1", "1", "3", "3", "3", "3"]
      ["3", "3", "1", "1", "3", "2", "2"]
      ["3", "2", "1", "2", "3", "3", "2"]
      ["1", "1", "1", "1", "3", "1", "1"]
      ["1", "1", "2", "2", "3", "3", "2"]
      ["1", "3", "2", "3", "3", "1", "2"]
      ["3", "2", "2", "1", "3", "1", "3"]
      ["3", "1", "2", "3", "3", "2", "1"]
      ["2", "2", "2", "2", "3", "2", "1"]
      ["2", "3", "2", "1", "3", "3", "3"]
      ["2", "3", "1", "2", "3", "1", "1"]
      ["3", "3", "3", "3", "3", "3", "1"]
factor = 5
  level = 0
    repeat 0  [6099.938039847534, 9199.940335511872, -9600.039505521201, -8900.094961883908, 17400.069627406418, 2999.9843793071045, 18099.99941869798, -8200.06062598385, 3200.0204505088873, -3600.0614248808383, 8399.892551766088, 17999.982156428054, -8799.93507981426, 6200.029575296224, 9099.94701612574, -2300.075706508767, 9699.97020328149, 18800.014506733405]
    repeat 1  [6100.069070416499, 9199.97275339778, -9600.009499981315, -8899.985928656424, 17400.099808155097, 2999.9915906440324, 18099.95675948373, -8200.074632628157, 3200.0448136521713, -3600.0251493648557, 8399.993194636107, 17999.97672194176, -8800.013669685983, 6200.0435023960235, 9100.120952352405, -2299.988462701021, 9700.004981978933, 18800.075728890028]
    repeat 2  [6099.954626846185, 9200.006828334695, -9600.060123196146, -8900.005269503286, 17400.13628570365, 2999.9099963908016, 18099.98720374128, -8199.937615739165, 3199.8870988048247, -3600.0220595014575, 8399.878458884526, 17999.98912070553, -8800.051725317377, 6200.03529600912, 9099.958495838435, -2299.9549739407666, 9700.031343650357, 18800.04710574303]
    repeat 3  [6100.022707390647, 9199.988621890121, -9600.11228495599, -8900.119087818119, 17400.133854726304, 2999.9668796606893, 18099.952630711727, -8199.937764626422, 3200.0652812399094, -3600.0912565069007, 8399.962321728965, 17999.998301747542, -8800.168212300567, 6199.93251153996, 9099.909372034575, -2299.9139479600053, 9700.073989877194, 18800.01928206142]
    repeat 4  [6099.982720013989, 9200.013015532528, -9599.963982015019, -8899.999959717143, 17400.010644984017, 2999.9580254987773, 18099.904545449044, -8200.208744782964, 3200.055109176589, -3599.97373751892, 8400.046399390816, 17999.984572607347, -8800.003824118372, 6200.104062268038, 9099.971433172463, -2299.9560957667895, 9699.986514273809, 18800.1319199842]
    repeat 5  [6099.957842642188, 9199.848310345746, -9599.961282339047, -8900.088191968458, 17400.01040838212, 3000.1112552587706, 18100.0681204374, -8200.07559423462, 3199.9102104366843, -3599.9877404287913, 8400.03859075792, 17999.987856615844, -8799.959266651269, 6199.978180926712, 9100.062421626173, -2299.941857911188, 9700.132999470718, 18800.07737227894]
    repeat 6  [6099.909169854783, 9199.957395703108, -9599.893598552939, -8900.063987486314, 17399.992062204215, 3000.119650040976, 18100.03962286083, -8199.90939701242, 3200.1455552268267, -3600.0221903499687, 8399.86356476557, 17999.951642277658, -8800.010184774768, 6199.918514034818, 9099.901536584059, -2299.8864193184127, 9700.085182266072, 18799.94884534821]
    repeat 7  [6100.080631023859, 9199.975177165794, -9599.971153918465, -8900.137264639134, 17400.18798030567, 2999.9415372679177, 18100.11860615355, -8199.996072362694, 3200.0018701519257, -3599.9764201304283, 8400.047354896033, 17999.920991853858, -8800.022918337221, 6200.013582878059, 9100.049668915515, -2300.0403057071244, 9699.895153014164, 18800.062141400867]
    repeat 8  [6099.9450867526075, 9199.857260131095, -9600.030201011568, -8900.012710442892, 17399.99506915335, 2999.903403470534, 18099.887883598567, -8199.95706467279, 3200.138578972053, -3600.002396565106, 8399.954185257047, 17999.98721235855, -8800.00811642324, 6199.969183014395, 9100.09934958024, -2300.05385986549, 9700.042589983881, 18799.92860244891]
    repeat 9  [6100.04248719155, 9199.949648360345, -9600.09841990022, -8900.11582878099, 17400.04148966168, 3000.1268907151593, 18099.91670813144, -8199.945901566938, 3200.0851606832057, -3600.042077926217, 8399.927608365555, 18000.00301007753, -8800.017389120338, 6199.9628150722265, 9100.004729866001, -2300.1661588589345, 9699.905547022769, 18800.144338206588]
    Rev orth
      ["2", "2", "3", "3", "1", "1", "2"]
      ["3", "1", "3", "2", "2", "1", "3"]
      ["1", "2", "3", "1", "2", "1", "1"]
      ["2", "1", "3", "1", "3", "1", "2"]
      ["1", "2", "1", "3", "3", "1", "3"]
      ["1", "3", "3", "2", "1", "1", "3"]
      ["2", "1", "1", "3", "2", "1", "3"]
      ["3", "3", "1", "1", "2", "1", "2"]
      ["3", "2", "1", "2", "1", "1", "2"]
      ["1", "1", "1", "1", "1", "1", "1"]
      ["1", "1", "2", "2", "3", "1", "2"]
      ["1", "3", "2", "3", "2", "1", "2"]
      ["3", "2", "2", "1", "3", "1", "3"]
      ["3", "1", "2", "3", "1", "1", "1"]
      ["2", "2", "2", "2", "2", "1", "1"]
      ["2", "3", "2", "1", "1", "1", "3"]
      ["2", "3", "1", "2", "3", "1", "1"]
      ["3", "3", "3", "3", "3", "1", "1"]
  level = 1
    repeat 0  [6099.964994109423, 9199.97019149574, -9598.547798705675, -8900.11556646464, 17400.31862366223, 3000.324685793929, 18099.450547587272, -8199.492033640385, 3199.8440327726657, -3600.034183906729, 8400.732994475598, 18000.992385819936, -8799.608544804521, 6200.099138910981, 9100.402418689575, -2299.698006953948, 9700.015528276037, 18801.006709918212]
    repeat 1  [6099.933573610381, 9200.057243919167, -9599.3223690863, -8899.267596511003, 17399.125502131283, 2998.2328259688265, 18100.201440696266, -8200.656364421327, 3199.9886547594415, -3601.0595186007317, 8399.89419165768, 18000.12894700728, -8798.680127722315, 6199.050218058339, 9099.840075879354, -2300.0111231841634, 9699.45141597478, 18800.482895313908]
    repeat 2  [6100.097327126133, 9201.317360670342, -9600.041626114467, -8900.422615953792, 17400.093324173144, 3000.210180851332, 18100.558347531172, -8199.801534265398, 3199.8116416600137, -3599.4168035598227, 8400.536874354764, 17998.61167779709, -8799.57893302569, 6200.284343382126, 9099.817558947001, -2299.0691065244305, 9700.212934369023, 18799.575219521244]
    repeat 3  [6099.519291346034, 9199.00495619189, -9601.216888486304, -8901.157240076303, 17400.433757240866, 2999.697007582695, 18099.699997676016, -8200.54978899755, 3200.2594540879236, -3599.8745619199835, 8399.493571669756, 18000.744615728992, -8801.198274929377, 6199.9715671276945, 9100.157597405465, -2299.053417595889, 9699.726643290229, 18799.714561996137]
    repeat 4  [6100.410239997506, 9199.746048310986, -9600.616229120224, -8898.756909650983, 17400.409409138658, 3000.9520142670126, 18099.152492848476, -8199.116755016039, 3199.9224785041306, -3600.2394228477856, 8400.54021532505, 17999.95015708626, -8798.776964675635, 6199.502095829517, 9099.016119612126, -2300.0240714164224, 9701.366887281372, 18798.88292483595]
    repeat 5  [6101.31167271384, 9199.482950657593, -9599.375470137922, -8899.718783666296, 17398.41279892556, 2999.652395837977, 18101.047546097587, -8199.50560828233, 3200.150204581953, -3598.4347028596035, 8399.419352604507, 18000.412400628087, -8801.231123860125, 6199.781791902469, 9100.82928706487, -2298.9994666309053, 9699.64675039392, 18800.1662749115]
    repeat 6  [6100.637048571136, 9199.22860337632, -9600.626772661011, -8899.502182698236, 17401.177395169605, 2999.3455105788116, 18098.561061013592, -8200.136525021393, 3201.30087402157, -3599.519422332533, 8400.0719843964, 18000.008902101294, -8799.579657314343, 6199.3838227232545, 9099.930834118073, -2299.520271927709, 9700.11730495398, 18800.119638816534]
    repeat 7  [6101.536662078115, 9200.227231420044, -9600.763344242288, -8900.074438893504, 17399.979061746988, 2999.825140614077, 18100.30156383452, -8198.950093394213, 3199.902857755163, -3599.766039554086, 8400.525981799376, 17999.930314055466, -8800.86898886709, 6199.482227202447, 9100.459839319057, -2299.9590380659697, 9699.799033399873, 18798.732957540924]
    repeat 8  [6100.3866877384535, 9199.724215540007, -9601.008880989466, -8901.247281359956, 17399.517931263366, 3000.5142608865617, 18099.68827029551, -8200.579357016186, 3200.356260369576, -3600.66456801292, 8399.292738034399, 17999.341757570877, -8797.962356655366, 6200.761030336743, 9100.447206756558, -2299.5020222269773, 9700.243721744713, 18799.173718626014]
    repeat 9  [6100.883134476445, 9200.252489737053, -9600.994160238368, -8901.754120218891, 17399.903762941038, 3000.6520774543283, 18100.389120188287, -8200.762790685807, 3200.302398224552, -3599.695661959703, 8400.637626563053, 17999.654234362344, -8798.26756486131, 6199.551562108951, 9100.19924339117, -2299.9680096959537, 9700.120638065646, 18801.119613116156]
    Rev orth
      ["2", "2", "3", "3", "1", "2", "2"]
      ["3", "1", "3", "2", "2", "2", "3"]
      ["1", "2", "3", "1", "2", "2", "1"]
      ["2", "1", "3", "1", "3", "2", "2"]
      ["1", "2", "1", "3", "3", "2", "3"]
      ["1", "3", "3", "2", "1", "2", "3"]
      ["2", "1", "1", "3", "2", "2", "3"]
      ["3", "3", "1", "1", "2", "2", "2"]
      ["3", "2", "1", "2", "1", "2", "2"]
      ["1", "1", "1", "1", "1", "2", "1"]
      ["1", "1", "2", "2", "3", "2", "2"]
      ["1", "3", "2", "3", "2", "2", "2"]
      ["3", "2", "2", "1", "3", "2", "3"]
      ["3", "1", "2", "3", "1", "2", "1"]
      ["2", "2", "2", "2", "2", "2", "1"]
      ["2", "3", "2", "1", "1", "2", "3"]
      ["2", "3", "1", "2", "3", "2", "1"]
      ["3", "3", "3", "3", "3", "2", "1"]
  level = 2
    repeat 0  [6100.441886990051, 9198.979452067306, -9600.558803237893, -8898.427404536065, 17400.151257312544, 3000.118548166884, 18101.949712608606, -8200.863832517984, 3198.7529337463725, -3599.6678000930738, 8398.481866138149, 17999.655062803307, -8798.420431991088, 6202.077141642903, 9098.945026050538, -2301.4953251793054, 9699.829624696136, 18797.91907572154]
    repeat 1  [6101.564876211631, 9200.725810603115, -9598.368120775858, -8902.437772949037, 17400.08667886633, 2999.170192741037, 18101.282030886265, -8200.61150762091, 3200.60755736223, -3599.562219669935, 8402.657912345381, 17998.8285807822, -8797.81722341425, 6201.767618916144, 9099.393225819129, -2298.4278129081476, 9700.803391624851, 18802.36127417711]
    repeat 2  [6100.158248102318, 9198.292425360482, -9599.892148214336, -8901.151452642254, 17401.095421822272, 2999.7110355100485, 18102.744165369193, -8202.14465155967, 3198.670214236114, -3599.6646516776595, 8401.144590490634, 17999.29757526576, -8803.672589190377, 6201.363279016742, 9100.641395289867, -2298.719726515831, 9698.071237483382, 18803.211089838238]
    repeat 3  [6100.016921353947, 9199.7741502844, -9599.846283425499, -8896.290953823922, 17398.324278295644, 3000.0627537231385, 18100.941394411813, -8202.182184313751, 3201.717364728243, -3600.3349756071743, 8399.13037084925, 18001.555970544607, -8800.22606786769, 6199.174457289291, 9100.104605610168, -2300.760289156486, 9701.493374504413, 18801.159690296805]
    repeat 4  [6098.510678231577, 9198.665854312942, -9600.198495354103, -8899.154481682786, 17402.135977506376, 3000.696693298569, 18099.57752860981, -8199.69153005599, 3200.266527997417, -3601.3453202311402, 8399.209669555548, 18001.04679283224, -8798.844344445988, 6200.85664488044, 9099.607612789596, -2298.6328280332727, 9702.852338905494, 18799.633838186153]
    repeat 5  [6100.632488966438, 9200.826947138408, -9600.390981669081, -8900.85928950127, 17401.416734104445, 2997.5986394173565, 18099.515862963995, -8200.534341293527, 3199.7317751662054, -3600.6507391825835, 8401.420106192789, 17999.75920709627, -8800.574172699373, 6201.7283833886995, 9097.720386791114, -2300.203025400093, 9699.465946040262, 18799.801485212993]
    repeat 6  [6099.634605656691, 9200.001817372919, -9597.865259588205, -8899.995758171233, 17400.32235851323, 3000.495442407643, 18100.236236861678, -8198.421934466069, 3198.785152302034, -3602.716301089137, 8399.533797844539, 17999.961625608503, -8799.201389564707, 6200.764239539212, 9100.959852873713, -2299.931600621428, 9699.6081869831, 18799.7327176164]
    repeat 7  [6101.065015853131, 9201.057379203854, -9600.365826393085, -8899.760292975805, 17398.619517060175, 3000.7396087609277, 18098.184586060892, -8200.616469476809, 3200.6456497245904, -3599.5861959467707, 8398.46057236981, 18001.02438656529, -8800.945164173578, 6199.640133666347, 9100.996300925528, -2300.8856549832767, 9699.076826341696, 18802.297487448097]
    repeat 8  [6099.58520368596, 9202.012433021384, -9600.991719951666, -8900.107641049815, 17400.51129854689, 3000.087864685311, 18098.826184862766, -8201.225975371557, 3198.5645327064126, -3600.5956241910358, 8401.472738100103, 18000.31855875989, -8798.750058367443, 6200.228028804507, 9100.101786233532, -2301.6693179037393, 9699.853766713864, 18799.93181908524]
    repeat 9  [6099.278996386184, 9200.314329530536, -9601.910196777635, -8899.906589192264, 17399.799432676602, 3000.8209718852227, 18102.084227427647, -8200.869278425547, 3197.736495135054, -3600.244071078104, 8400.939938789585, 18001.422475283318, -8798.68016990431, 6199.054346431254, 9101.164432851943, -2300.8831332717473, 9699.810954520437, 18801.359095169424]
    Rev orth
      ["2", "2", "3", "3", "1", "3", "2"]
      ["3", "1", "3", "2", "2", "3", "3"]
      ["1", "2", "3", "1", "2", "3", "1"]
      ["2", "1", "3", "1", "3", "3", "2"]
      ["1", "2", "1", "3", "3", "3", "3"]
      ["1", "3", "3", "2", "1", "3", "3"]
      ["2", "1", "1", "3", "2", "3", "3"]
      ["3", "3", "1", "1", "2", "3", "2"]
      ["3", "2", "1", "2", "1", "3", "2"]
      ["1", "1", "1", "1", "1", "3", "1"]
      ["1", "1", "2", "2", "3", "3", "2"]
      ["1", "3", "2", "3", "2", "3", "2"]
      ["3", "2", "2", "1", "3", "3", "3"]
      ["3", "1", "2", "3", "1", "3", "1"]
      ["2", "2", "2", "2", "2", "3", "1"]
      ["2", "3", "2", "1", "1", "3", "3"]
      ["2", "3", "1", "2", "3", "3", "1"]
      ["3", "3", "3", "3", "3", "3", "1"]
factor = 6
  level = 0
    repeat 0  [6099.83565402758, 9199.936343033718, -9601.648954667542, -8899.319585256526, 17399.730208913086, 2999.232198130857, 18101.061382567248, -8200.803197392512, 3200.1491414644993, -3600.1490490704987, 8399.840870366836, 17999.968386862078, -8800.029314605148, 6200.036470416277, 9100.057109006419, -2298.582741636895, 9699.91195901904, 18801.348896109168]
    repeat 1  [6099.995250111633, 9200.020286649224, -9601.182775445797, -8899.191944095157, 17399.35432331063, 3000.023722985094, 18099.648539677586, -8200.196812689355, 3198.1099010500175, -3600.020119907386, 8401.568099454626, 18000.119859383485, -8800.117356421983, 6199.8447906626225, 9099.040924060144, -2300.136491608555, 9699.969346665837, 18800.98195953895]
    repeat 2  [6100.034690992795, 9200.037734061021, -9599.623109311971, -8899.130683325478, 17399.251292084726, 2999.0061822968282, 18099.022751244644, -8199.303838883534, 3198.4293413094324, -3599.8822825116486, 8400.330062963109, 17999.903430343362, -8800.026999227513, 6199.978387066815, 9100.305516272789, -2299.7703778727655, 9699.987406398275, 18800.4423805896]
    repeat 3  [6100.078734951785, 9199.995963426974, -9597.860118518623, -8899.400221133283, 17400.483718017556, 2999.524791426816, 18097.506083733326, -8199.267957812812, 3198.9634242252137, -3599.913164586663, 8401.410071564149, 17999.951305335704, -8800.13734158125, 6200.967905688512, 9099.421249557037, -2301.626917912354, 9700.142034701503, 18801.168778424264]
    repeat 4  [6099.980639492599, 9199.983682156886, -9601.643622453472, -8899.865117173771, 17399.98893223862, 3001.0121564632354, 18099.333641318874, -8199.012285598865, 3198.0874321979177, -3600.0616495251243, 8400.886048608025, 17999.893463882352, -8800.03592941178, 6200.244851113929, 9100.842975042064, -2300.71354317223, 9700.001512198487, 18802.03976539441]
    repeat 5  [6100.05399797672, 9199.924182045526, -9599.778412954849, -8899.746328401057, 17399.84212001967, 3001.0854217080523, 18100.902387035025, -8200.235983613042, 3200.2006052324073, -3600.0876900755284, 8399.443817646808, 18000.01158232442, -8799.956655902915, 6199.887578563343, 9100.858488453287, -2300.48183393761, 9700.016864354051, 18798.91765121763]
    repeat 6  [6099.917582575244, 9200.067108568917, -9601.300530611014, -8899.974236568574, 17398.936866033473, 2999.8984107375522, 18103.187985214365, -8199.406637276283, 3201.0622432094074, -3599.9490984996755, 8398.587246379875, 17999.96051545423, -8800.002538213532, 6200.181164578303, 9100.091894009369, -2300.1565531775886, 9700.004501654936, 18801.64999523557]
    repeat 7  [6099.967722790179, 9199.992715156362, -9599.166137005286, -8898.604237480255, 17400.792622213063, 3001.484163345024, 18100.284030440733, -8199.710215865774, 3201.2584695403, -3600.057104876398, 8400.612164370592, 17999.95906006226, -8799.898902879304, 6200.142081034436, 9099.397985148184, -2298.8038890785892, 9700.032442496204, 18799.453980973653]
    repeat 8  [6100.134358494992, 9200.039796318695, -9600.512153554884, -8899.940193283239, 17400.136719109145, 2999.427635188833, 18101.13671425933, -8199.84278939768, 3200.0744377235355, -3599.9372137042074, 8401.676729426661, 17999.98160043418, -8800.00096538912, 6199.91732649379, 9100.24794613744, -2299.7109164370327, 9700.022281186135, 18801.79135498952]
    repeat 9  [6099.892778554574, 9199.950349530125, -9597.190957892219, -8899.599846479763, 17400.985195034467, 2998.9095035040973, 18098.218979165104, -8200.004395474649, 3198.9852955209167, -3599.98813647634, 8400.615244318908, 18000.111502442844, -8800.120079282098, 6199.982948961039, 9100.204979043467, -2298.807726657995, 9700.130671207178, 18801.53982366524]
    Rev orth
      ["2", "2", "3", "3", "1", "1", "1"]
      ["3", "1", "3", "2", "2", "1", "1"]
      ["1", "2", "3", "1", "2", "3", "1"]
      ["2", "1", "3", "1", "3", "2", "1"]
      ["1", "2", "1", "3", "3", "2", "1"]
      ["1", "3", "3", "2", "1", "2", "1"]
      ["2", "1", "1", "3", "2", "3", "1"]
      ["3", "3", "1", "1", "2", "2", "1"]
      ["3", "2", "1", "2", "1", "3", "1"]
      ["1", "1", "1", "1", "1", "1", "1"]
      ["1", "1", "2", "2", "3", "3", "1"]
      ["1", "3", "2", "3", "2", "1", "1"]
      ["3", "2", "2", "1", "3", "1", "1"]
      ["3", "1", "2", "3", "1", "2", "1"]
      ["2", "2", "2", "2", "2", "2", "1"]
      ["2", "3", "2", "1", "1", "3", "1"]
      ["2", "3", "1", "2", "3", "1", "1"]
      ["3", "3", "3", "3", "3", "3", "1"]
  level = 1
    repeat 0  [6100.096560381804, 9199.95631472377, -9600.03619969215, -8899.70360792594, 17400.359532523285, 3000.2296208822604, 18100.60924310495, -8198.395578969681, 3200.524218589617, -3600.0541121219253, 8403.132770503138, 18000.00479380412, -8799.977837168959, 6199.865123868783, 9101.764874153243, -2299.968072721744, 9700.008118571597, 18801.962535112692]
    repeat 1  [6099.886981430642, 9199.968251205095, -9600.427805199606, -8900.6883403732, 17399.573025243757, 3000.05835609285, 18099.21242266185, -8199.266174899427, 3199.1863680139704, -3599.987787442069, 8400.374822394875, 17999.964988134252, -8800.01796934858, 6199.753664543008, 9100.844213640863, -2300.1109958795864, 9699.948094835478, 18800.410607828715]
    repeat 2  [6100.0916802270385, 9199.992888325325, -9598.503653217926, -8899.609031653377, 17399.734077650126, 2999.228002313602, 18101.587590635238, -8199.636824290188, 3199.7879663833796, -3599.8868352215845, 8399.379953314365, 17999.970531214745, -8800.093679333695, 6200.320330498169, 9099.797404750665, -2299.741026525272, 9700.044717487024, 18799.351353962804]
    repeat 3  [6100.044540154835, 9199.96628579592, -9599.29984826689, -8900.693320816137, 17398.927093023653, 3001.577831702711, 18098.438397662234, -8200.352164973476, 3201.9173855999547, -3599.949692973193, 8401.70316758996, 18000.039721986876, -8799.92909669839, 6198.867561302499, 9099.703502061535, -2299.7329732907674, 9700.018450129517, 18799.89791962776]
    repeat 4  [6099.985866412403, 9199.894604547284, -9599.098634704369, -8900.208141172685, 17400.031050211855, 3002.0197483305164, 18099.152509935713, -8200.606976708148, 3199.326912562107, -3600.040380346528, 8399.544892190586, 17999.9754063646, -8799.941466919783, 6200.605744318909, 9099.719476915177, -2300.1253431095224, 9700.027360210966, 18800.240731766087]
    repeat 5  [6099.93394876164, 9200.046549569692, -9599.455763802209, -8900.457412478414, 17401.13220694964, 2999.6778641886985, 18101.734711044373, -8200.490365906331, 3199.4544507704536, -3599.968878192817, 8399.43210447824, 18000.06029023156, -8799.955775036511, 6199.858353530734, 9101.061186325765, -2301.5543564259133, 9700.10706235416, 18798.98678927671]
    repeat 6  [6100.00652104786, 9199.960714375551, -9599.865413671032, -8900.959869535463, 17400.599051281755, 2999.9749137779077, 18100.604910265596, -8199.912944699403, 3202.1468509853057, -3599.9784035478506, 8400.077217108228, 17999.863957736256, -8800.057703017643, 6200.24700734752, 9099.017651952829, -2299.2060572507307, 9700.00144461165, 18799.682151984092]
    repeat 7  [6100.115403957606, 9199.914157428404, -9599.58982745387, -8900.782477830542, 17400.13128876686, 2999.0044961841395, 18099.182347090336, -8200.009375902127, 3199.2741911393787, -3600.0519844875944, 8400.285533523454, 17999.988183910482, -8799.951172015555, 6200.401724151322, 9100.828210771013, -2299.8147094856577, 9699.90243572255, 18799.785433281457]
    repeat 8  [6099.978374186748, 9199.99223830498, -9601.695008301198, -8898.746888606838, 17400.98178236278, 2998.6219531787533, 18100.78568455283, -8201.120900616948, 3198.9271099177563, -3599.8318370135917, 8399.95384156514, 17999.916777361683, -8799.992625825493, 6200.145494827174, 9099.863179174592, -2302.820435241953, 9699.978148618286, 18801.828663463206]
    repeat 9  [6099.9796548851855, 9199.959746437326, -9602.757362926854, -8899.35403457025, 17399.9789383745, 3000.690668258686, 18100.206111382813, -8199.655690172365, 3199.852477021271, -3599.985607428822, 8398.471626600918, 17999.94146873892, -8799.928807740336, 6198.968003379694, 9099.53978182628, -2301.8374446807156, 9700.058443466865, 18799.211092815553]
    Rev orth
      ["2", "2", "3", "3", "1", "1", "2"]
      ["3", "1", "3", "2", "2", "1", "2"]
      ["1", "2", "3", "1", "2", "3", "2"]
      ["2", "1", "3", "1", "3", "2", "2"]
      ["1", "2", "1", "3", "3", "2", "2"]
      ["1", "3", "3", "2", "1", "2", "2"]
      ["2", "1", "1", "3", "2", "3", "2"]
      ["3", "3", "1", "1", "2", "2", "2"]
      ["3", "2", "1", "2", "1", "3", "2"]
      ["1", "1", "1", "1", "1", "1", "2"]
      ["1", "1", "2", "2", "3", "3", "2"]
      ["1", "3", "2", "3", "2", "1", "2"]
      ["3", "2", "2", "1", "3", "1", "2"]
      ["3", "1", "2", "3", "1", "2", "2"]
      ["2", "2", "2", "2", "2", "2", "2"]
      ["2", "3", "2", "1", "1", "3", "2"]
      ["2", "3", "1", "2", "3", "1", "2"]
      ["3", "3", "3", "3", "3", "3", "2"]
  level = 2
    repeat 0  [6100.022331057127, 9199.92135514468, -9600.812721458899, -8899.535080744048, 17399.55408954962, 2999.921771657774, 18101.569039047157, -8200.021286207593, 3201.125527630073, -3600.142181425712, 8399.638860804082, 18000.00701350639, -8800.106639391402, 6201.172934142014, 9098.884543843165, -2300.0167992514266, 9700.111999835743, 18800.74264452887]
    repeat 1  [6100.029851362878, 9199.93966161608, -9599.604000650124, -8900.057702240725, 17400.36422661083, 3000.0916447581617, 18100.96068685807, -8200.48048461174, 3201.653712407105, -3600.0097016797586, 8398.364796955715, 17999.927433116, -8799.907717802806, 6200.601838803838, 9099.703675976816, -2301.2736296081, 9699.983581029637, 18800.882264618263]
    repeat 2  [6099.927980001922, 9199.964852958055, -9602.206873306348, -8901.200340526362, 17400.63133210374, 3000.3480499596553, 18100.43169755639, -8199.631173101843, 3200.471151856524, -3600.006048354649, 8402.410243839093, 17999.967041139433, -8799.937082084889, 6199.613936417521, 9099.054777705865, -2299.965989267656, 9700.09613113715, 18799.15348664785]
    repeat 3  [6100.006297629773, 9200.05465233162, -9601.925376454188, -8900.75030334865, 17400.558226075187, 2999.036203319976, 18098.820967714033, -8199.847283177396, 3201.0451618996944, -3600.0860157123734, 8397.840451082428, 17999.85312080622, -8800.042556013545, 6199.5602046287095, 9099.42385846156, -2302.330582793939, 9700.076387532055, 18799.736974105293]
    repeat 4  [6099.94668119046, 9200.025044427679, -9597.57505064571, -8899.955169686677, 17400.542621916884, 3000.1183028395385, 18098.34049499547, -8200.624405818819, 3200.9275419231567, -3600.016635295772, 8398.846761122979, 17999.951160846813, -8800.004751431406, 6199.213099403029, 9099.867859330734, -2298.4846984457918, 9699.91813977112, 18799.626253251437]
    repeat 5  [6099.977657437507, 9200.04990082366, -9600.15986376673, -8899.345656415491, 17399.312094064167, 2998.4158338786124, 18098.69918951275, -8200.393165644255, 3201.147896646157, -3599.9526169705555, 8399.469096895691, 18000.046731584374, -8799.879649106537, 6199.984494389888, 9100.666676774124, -2300.2619614215905, 9700.130939368933, 18799.567208679986]
    repeat 6  [6100.048868626924, 9199.872916918184, -9599.619167219127, -8899.404304440915, 17400.714768660582, 2999.7119643374476, 18098.789293323105, -8200.104807189744, 3199.14725294311, -3599.996987962151, 8399.278736825814, 18000.01708864416, -8800.010058631386, 6199.904307973809, 9099.377581343906, -2300.910387584227, 9700.008257118005, 18803.80470534317]
    repeat 7  [6100.080849781774, 9200.130163105849, -9598.56937500654, -8899.82206941674, 17400.92477090104, 2998.9963235716505, 18096.731271993984, -8199.642015229047, 3199.114020668368, -3600.1098415622923, 8400.566792949612, 17999.877947809735, -8799.995230453369, 6199.640122104806, 9100.560303213011, -2298.543165566831, 9700.077631823833, 18801.019675414176]
    repeat 8  [6100.0883150468235, 9199.928736826068, -9599.618242507204, -8899.129503428168, 17400.45881745708, 3000.5896755531658, 18099.69122237494, -8199.879619756426, 3198.9652550327414, -3599.9845680620247, 8397.637539918307, 18000.064041616162, -8800.14860964259, 6199.753463609816, 9102.190590552516, -2300.3795877454045, 9699.948724178374, 18801.734065311088]
    repeat 9  [6099.970914455115, 9199.974904639961, -9600.401840105938, -8899.616047185202, 17400.483204947, 3000.458294231359, 18099.20281634756, -8200.951512627616, 3202.7119344663465, -3599.980382258804, 8397.176585476063, 17999.861837463166, -8799.937207297873, 6200.246049492811, 9099.905537584278, -2298.9180570947146, 9700.03707547305, 18799.891649064928]
    Rev orth
      ["2", "2", "3", "3", "1", "1", "3"]
      ["3", "1", "3", "2", "2", "1", "3"]
      ["1", "2", "3", "1", "2", "3", "3"]
      ["2", "1", "3", "1", "3", "2", "3"]
      ["1", "2", "1", "3", "3", "2", "3"]
      ["1", "3", "3", "2", "1", "2", "3"]
      ["2", "1", "1", "3", "2", "3", "3"]
      ["3", "3", "1", "1", "2", "2", "3"]
      ["3", "2", "1", "2", "1", "3", "3"]
      ["1", "1", "1", "1", "1", "1", "3"]
      ["1", "1", "2", "2", "3", "3", "3"]
      ["1", "3", "2", "3", "2", "1", "3"]
      ["3", "2", "2", "1", "3", "1", "3"]
      ["3", "1", "2", "3", "1", "2", "3"]
      ["2", "2", "2", "2", "2", "2", "3"]
      ["2", "3", "2", "1", "1", "3", "3"]
      ["2", "3", "1", "2", "3", "1", "3"]
      ["3", "3", "3", "3", "3", "3", "3"]
