-----------Confounding Information Begin---------------
{
Noise:{  },
None:{ 1:[[1,0],[3,2]],5:[[1,0],[2,0],[2,1],[3,0],[3,1],[3,2]],6:[[1,0]],7:[[1,0]],11:[[1,0]],12:[[2,1],[3,0]],14:[[1,0],[2,0],[2,1]] },
Single:{ 2:[[1,0],[2,0],[2,1],[3,0],[3,1],[3,2]],14:[[3,0],[3,1],[3,2]] },
Confound:{ 0:[[1,0]],1:[[2,0],[2,1],[3,0],[3,1]],3:[[1,0]],4:[[1,0]],8:[[1,0]],9:[[1,0],[2,0],[2,1],[3,0],[3,1],[3,2]],10:[[1,0]],11:[[2,0],[2,1],[3,0],[3,1],[3,2]],12:[[1,0],[2,0],[3,1],[3,2]],13:[[1,0]] }
}
-----------Confounding Information End---------------
-----------Network Information Begin---------------
{
Edge_Out_In_Weight:[
[1, 0, 44601113903.19746],
[12, 0, 31360491.238962308],
[13, 0, 2265790854.4190564],
[0, 1, 29399505197.057083],
[4, 3, 35995491.09034781],
[3, 4, 35995942.88689869],
[9, 8, 191500.79881129565],
[10, 8, 2923383.6573028634],
[11, 8, 373071.92350717424],
[8, 9, 127797.16036810765],
[8, 10, 2921956.9392953543],
[8, 11, 248611.5246836417],
[0, 12, 20907370.045031067],
[13, 12, 6827838.696362026],
[0, 13, 2265789340.551621],
[12, 13, 10239812.874112317]],
Node_Size:[8.4131e+03, 1.7320e+04, 4.8319e+04, 8.4853e+03, 1.0781e-01, 6.2222e-02, 1.3063e-01, 1.8350e-01, 3.0215e+02, 8.2161e-02, 7.8222e+02, 7.5893e-02, 4.6190e+02, 4.8086e+03, 4.9769e+01],
Node_Color:[3,3,2,3,3,1,1,1,3,3,3,3,3,3,2],
Node_Shape:[1,1,1,1,1,1,1,1,1,1,1,1,1,1,1]
}
-----------Network Information End---------------
