factor = 0
  level = 0
    repeat 0  [-900.5495831296688, -899.9124313189078, -899.5484844534551, 298.19879783725975, 299.8647910615334, -900.0353190459548, 299.82046860945667, 300.576924995837]
    repeat 1  [-897.9257086454584, -900.0079647079558, -901.489693895204, 299.4946694156987, 299.90447107560624, -900.0764029591799, 299.98369991299484, 299.8379197703338]
    repeat 2  [-898.2262914136423, -900.0147306010531, -900.7863818810083, 301.46568709814545, 299.980704202939, -900.0144456994583, 299.9826343556247, 302.28051239742666]
    repeat 3  [-900.408527143775, -900.0020216295999, -900.4907642801229, 300.79924467476366, 299.88551790964794, -900.1174027061752, 299.96740294825554, 299.7158953777555]
    repeat 4  [-898.5548539736797, -899.9659607165411, -901.1865083180691, 299.97665677658233, 300.04423456357137, -900.0113611263628, 299.9808907655923, 299.29714325727053]
    repeat 5  [-899.4751158156578, -900.0678741376452, -902.6441307807042, 298.97978274878426, 300.0391200040223, -900.0220233191469, 300.03666054483733, 300.81129365250257]
    repeat 6  [-898.8468342056855, -900.0078935838936, -900.1289378111617, 301.143388597519, 300.0420655324915, -900.0157654330313, 299.9881957715959, 300.001783288259]
    repeat 7  [-899.7439411867527, -899.9929740440454, -900.6923555168357, 299.74050306879406, 299.9428913435834, -900.0518445492767, 299.9543480563206, 299.16897335225394]
    repeat 8  [-898.1461336086767, -900.0229035973906, -898.0039960104288, 298.23440258664857, 300.0269827481735, -899.9747894860087, 300.03324017497033, 299.4215323875818]
    repeat 9  [-899.9965139897089, -900.0167014662834, -899.1770504077792, 300.1887269121085, 300.04366737346123, -900.0594618899632, 300.0112355385289, 301.09614683410075]
    Rev orth
      ["1", "2", "1", "2", "1", "2", "2"]
      ["1", "2", "2", "2", "1", "1", "1"]
      ["1", "2", "2", "1", "2", "2", "1"]
      ["1", "1", "1", "2", "2", "2", "1"]
      ["1", "1", "1", "1", "1", "1", "1"]
      ["1", "2", "1", "1", "2", "1", "2"]
      ["1", "1", "2", "2", "2", "1", "2"]
      ["1", "1", "2", "1", "1", "2", "2"]
  level = 1
    repeat 0  [-299.69278749448176, -300.07169106714053, -300.30031395815377, 901.4654910737205, 899.9899645691145, -300.0346797556024, 899.9517409282079, 902.2340428207665]
    repeat 1  [-298.8347499320112, -300.01844282953897, -299.967134732893, 901.9509097022597, 899.9273850206246, -299.8592016634317, 900.0468176115886, 896.9077417091274]
    repeat 2  [-300.89658165744845, -299.9921473795675, -298.27828544247916, 902.1390349615729, 899.9672972865801, -300.0203834049306, 900.0113768017557, 900.3964623614672]
    repeat 3  [-301.2667122853977, -300.00298897420555, -301.73124617597864, 900.3531665976722, 899.9210106057739, -299.85758758296134, 899.915094022009, 901.1964405315342]
    repeat 4  [-300.1942076174083, -299.93102781202714, -301.13308236806677, 899.7008173671791, 900.0533825565732, -300.02624291812606, 900.1195437232673, 897.5783986232623]
    repeat 5  [-300.18557060710253, -300.01663541533196, -300.9940023657359, 899.67491358459, 899.9844366059941, -299.934683678745, 900.007671240809, 900.8224995866136]
    repeat 6  [-298.5486425910282, -300.0685299069257, -299.37333408910473, 898.8338607869063, 899.9621974052566, -300.09783794891393, 900.0310463822615, 897.9435245745144]
    repeat 7  [-299.1696815870566, -300.04305689724976, -300.2799713670544, 899.8905488554176, 899.9383274342177, -299.97989023074155, 900.0895220847641, 898.2147840788331]
    repeat 8  [-300.1506585327655, -299.95408988760494, -300.7265089530559, 900.8695794018522, 900.0084395557196, -300.0599617836233, 900.0091077421997, 902.4284121632115]
    repeat 9  [-298.977811617515, -299.97461524549436, -299.62905969398537, 899.0806217456002, 899.9896956450731, -300.08178792361343, 900.1228987693241, 900.204907363515]
    Rev orth
      ["2", "2", "1", "2", "1", "2", "2"]
      ["2", "2", "2", "2", "1", "1", "1"]
      ["2", "2", "2", "1", "2", "2", "1"]
      ["2", "1", "1", "2", "2", "2", "1"]
      ["2", "1", "1", "1", "1", "1", "1"]
      ["2", "2", "1", "1", "2", "1", "2"]
      ["2", "1", "2", "2", "2", "1", "2"]
      ["2", "1", "2", "1", "1", "2", "2"]
factor = 1
  level = 0
    repeat 0  [-1500.7858885085095, -900.0002968607879, -1501.0905285538577, 901.4654910737205, 299.8647910615334, -899.9842887539149, 299.82046860945667, 902.2340428207665]
    repeat 1  [-1497.3321378409057, -900.0159397456804, -1502.4953754139126, 901.9509097022597, 299.90447107560624, -899.9522309041492, 299.98369991299484, 896.9077417091274]
    repeat 2  [-1498.510192075675, -899.9529064461178, -1500.5063359904807, 902.1390349615729, 299.980704202939, -900.0425396591803, 299.9826343556247, 900.3964623614672]
    repeat 3  [-1502.0098595674242, -900.1684037497021, -1498.8189466761917, 900.3531665976722, 299.88551790964794, -900.0194782918951, 299.96740294825554, 901.1964405315342]
    repeat 4  [-1498.8368303308457, -900.000769037187, -1500.9220062967177, 899.7008173671791, 300.04423456357137, -899.9807386190419, 299.9808907655923, 897.5783986232623]
    repeat 5  [-1502.1888713985427, -900.0226055279219, -1498.0313548356817, 899.67491358459, 300.0391200040223, -900.0043959102036, 300.03666054483733, 900.8224995866136]
    repeat 6  [-1501.0128101310972, -899.9486324782667, -1497.4160275843035, 898.8338607869063, 300.0420655324915, -900.0161705309309, 299.9881957715959, 897.9435245745144]
    repeat 7  [-1501.10029047119, -899.9610227855987, -1500.5657791014698, 899.8905488554176, 299.9428913435834, -899.9735972180467, 299.9543480563206, 898.2147840788331]
    repeat 8  [-1499.8208031600252, -900.0700934901353, -1500.0636513913344, 900.8695794018522, 300.0269827481735, -899.9945233458719, 300.03324017497033, 902.4284121632115]
    repeat 9  [-1499.1972080051128, -900.0725583829771, -1499.8935567433282, 899.0806217456002, 300.04366737346123, -900.0594136049009, 300.0112355385289, 900.204907363515]
    Rev orth
      ["1", "1", "1", "2", "1", "2", "2"]
      ["2", "1", "2", "2", "1", "1", "1"]
      ["1", "1", "2", "1", "2", "2", "1"]
      ["2", "1", "1", "2", "2", "2", "1"]
      ["1", "1", "1", "1", "1", "1", "1"]
      ["2", "1", "1", "1", "2", "1", "2"]
      ["1", "1", "2", "2", "2", "1", "2"]
      ["2", "1", "2", "1", "1", "2", "2"]
  level = 1
    repeat 0  [-900.5495831296688, -300.07169106714053, -899.5484844534551, 1501.250084132685, 900.0896894172988, -300.0346797556024, 900.1323615623684, 1501.1464472405871]
    repeat 1  [-897.9257086454584, -300.01844282953897, -901.489693895204, 1497.7334363476784, 900.1287845567089, -299.8592016634317, 900.1138717059451, 1502.4157135948221]
    repeat 2  [-898.2262914136423, -299.9921473795675, -900.7863818810083, 1498.1663598430641, 900.0378138943154, -300.0203834049306, 900.0231678241837, 1499.5682902631725]
    repeat 3  [-900.408527143775, -300.00298897420555, -900.4907642801229, 1499.4774329505237, 900.0516588632884, -299.85758758296134, 900.1281126244776, 1499.812911157171]
    repeat 4  [-898.5548539736797, -299.93102781202714, -901.1865083180691, 1500.217538659504, 899.8908836383121, -300.02624291812606, 900.0764246578516, 1500.452657406995]
    repeat 5  [-899.4751158156578, -300.01663541533196, -902.6441307807042, 1500.4209394462434, 900.0579635540772, -299.934683678745, 900.0013934184633, 1498.9200467647463]
    repeat 6  [-898.8468342056855, -300.0685299069257, -900.1289378111617, 1499.61292145358, 900.0229006524443, -300.09783794891393, 899.9941032025945, 1499.3747794682915]
    repeat 7  [-899.7439411867527, -300.04305689724976, -900.6923555168357, 1501.5873669534114, 900.1106019384422, -299.97989023074155, 899.8444824284586, 1500.145261125889]
    repeat 8  [-898.1461336086767, -299.95408988760494, -898.0039960104288, 1500.8786461204945, 900.0019471655925, -300.0599617836233, 899.8970856236788, 1497.5391312706324]
    repeat 9  [-899.9965139897089, -299.97461524549436, -899.1770504077792, 1499.8847245704267, 900.0114928621243, -300.08178792361343, 900.0562939034096, 1498.08210231159]
    Rev orth
      ["1", "2", "1", "2", "1", "2", "2"]
      ["2", "2", "2", "2", "1", "1", "1"]
      ["1", "2", "2", "1", "2", "2", "1"]
      ["2", "2", "1", "2", "2", "2", "1"]
      ["1", "2", "1", "1", "1", "1", "1"]
      ["2", "2", "1", "1", "2", "1", "2"]
      ["1", "2", "2", "2", "2", "1", "2"]
      ["2", "2", "2", "1", "1", "2", "2"]
factor = 2
  level = 0
    repeat 0  [-900.5495831296688, -300.00582246326525, -902.1455667693344, 901.4654910737205, 299.8647910615334, -300.0346797556024, 300.0749014922782, 899.993812073268]
    repeat 1  [-897.9257086454584, -300.1855922906733, -899.157254686809, 901.9509097022597, 299.90447107560624, -299.8592016634317, 299.86659618608314, 899.1751905025111]
    repeat 2  [-898.2262914136423, -300.0903911039013, -902.0423036553123, 902.1390349615729, 299.980704202939, -300.0203834049306, 300.1544823797288, 900.2529131390341]
    repeat 3  [-900.408527143775, -299.90860239576756, -901.661514390202, 900.3531665976722, 299.88551790964794, -299.85758758296134, 299.85703774959467, 900.5793102337939]
    repeat 4  [-898.5548539736797, -300.0088742402038, -898.4395829819094, 899.7008173671791, 300.04423456357137, -300.02624291812606, 299.8828010076629, 900.1815346458609]
    repeat 5  [-899.4751158156578, -299.98540182926314, -897.8839950432687, 899.67491358459, 300.0391200040223, -299.934683678745, 300.0621417170799, 900.6225729389708]
    repeat 6  [-898.8468342056855, -300.1125793094303, -898.5418842182423, 898.8338607869063, 300.0420655324915, -300.09783794891393, 300.04238771580737, 898.0846318966692]
    repeat 7  [-899.7439411867527, -299.947095902475, -901.0228897515098, 899.8905488554176, 299.9428913435834, -299.97989023074155, 300.01173632188215, 898.2608688086689]
    repeat 8  [-898.1461336086767, -299.9333075007089, -899.4348995021728, 900.8695794018522, 300.0269827481735, -300.0599617836233, 300.08782723975565, 898.8444164338215]
    repeat 9  [-899.9965139897089, -299.98008893610495, -901.2303054077009, 899.0806217456002, 300.04366737346123, -300.08178792361343, 299.9346044905377, 899.297565166796]
    Rev orth
      ["1", "2", "1", "2", "1", "2", "2"]
      ["2", "2", "1", "2", "1", "1", "1"]
      ["1", "2", "1", "1", "2", "2", "1"]
      ["2", "1", "1", "2", "2", "2", "1"]
      ["1", "1", "1", "1", "1", "1", "1"]
      ["2", "2", "1", "1", "2", "1", "2"]
      ["1", "1", "1", "2", "2", "1", "2"]
      ["2", "1", "1", "1", "1", "2", "2"]
  level = 1
    repeat 0  [-902.0354489239671, -300.07169106714053, -899.5484844534551, 900.1022453085266, 299.970205746329, -299.9460691383284, 299.82046860945667, 902.2340428207665]
    repeat 1  [-899.3269968292396, -300.01844282953897, -901.489693895204, 901.7682789023833, 299.95194451334186, -300.0733555843811, 299.98369991299484, 896.9077417091274]
    repeat 2  [-900.184452698332, -299.9921473795675, -900.7863818810083, 900.5075436618497, 299.97365362316987, -300.0228770902997, 299.9826343556247, 900.3964623614672]
    repeat 3  [-899.1568090100204, -300.00298897420555, -900.4907642801229, 899.2645236364301, 299.95437308235, -300.073759408176, 299.96740294825554, 901.1964405315342]
    repeat 4  [-901.9275976482348, -299.93102781202714, -901.1865083180691, 899.4580563861596, 299.98174044293694, -299.95817381569117, 299.9808907655923, 897.5783986232623]
    repeat 5  [-899.9164475102064, -300.01663541533196, -902.6441307807042, 899.139323067997, 300.00521437443405, -299.9741170723413, 300.03666054483733, 900.8224995866136]
    repeat 6  [-898.3788923297419, -300.0685299069257, -900.1289378111617, 901.3618572476345, 300.02936746942964, -300.1038237218069, 299.9881957715959, 897.9435245745144]
    repeat 7  [-899.2862852634632, -300.04305689724976, -900.6923555168357, 903.0758916853679, 299.9878508469344, -300.0821757805766, 299.9543480563206, 898.2147840788331]
    repeat 8  [-898.7916731587584, -299.95408988760494, -898.0039960104288, 900.444971776598, 300.0628517656907, -299.9029588665212, 300.03324017497033, 902.4284121632115]
    repeat 9  [-903.2924366594083, -299.97461524549436, -899.1770504077792, 900.9836009165682, 299.9856716125062, -299.9753148927988, 300.0112355385289, 900.204907363515]
    Rev orth
      ["1", "2", "2", "2", "1", "2", "2"]
      ["2", "2", "2", "2", "1", "1", "1"]
      ["1", "2", "2", "1", "2", "2", "1"]
      ["2", "1", "2", "2", "2", "2", "1"]
      ["1", "1", "2", "1", "1", "1", "1"]
      ["2", "2", "2", "1", "2", "1", "2"]
      ["1", "1", "2", "2", "2", "1", "2"]
      ["2", "1", "2", "1", "1", "2", "2"]
factor = 3
  level = 0
    repeat 0  [899.2379781119946, 1500.0766721819439, -899.5484844534551, -901.5516674349782, 299.8647910615334, -300.0346797556024, -1499.9379430297588, 902.2340428207665]
    repeat 1  [898.7707005793469, 1500.1403505133087, -901.489693895204, -899.2621310347321, 299.90447107560624, -299.8592016634317, -1500.0151588911328, 896.9077417091274]
    repeat 2  [900.255593716595, 1499.8875327506414, -900.7863818810083, -901.5099343458904, 299.980704202939, -300.0203834049306, -1499.8948991137852, 900.3964623614672]
    repeat 3  [901.4721756049757, 1500.026112324695, -900.4907642801229, -898.9378325209439, 299.88551790964794, -299.85758758296134, -1499.7840843197407, 901.1964405315342]
    repeat 4  [899.8665065502712, 1500.0487146463738, -901.1865083180691, -897.9000764572158, 300.04423456357137, -300.02624291812606, -1499.9686855232746, 897.5783986232623]
    repeat 5  [900.0689134178056, 1500.0123066012447, -902.6441307807042, -899.9437424484621, 300.0391200040223, -299.934683678745, -1499.9918059076194, 900.8224995866136]
    repeat 6  [900.3569416120653, 1500.0006123232445, -900.1289378111617, -899.977263691852, 300.0420655324915, -300.09783794891393, -1499.992115753483, 897.9435245745144]
    repeat 7  [900.8880329615174, 1499.8145911077356, -900.6923555168357, -898.5576261155758, 299.9428913435834, -299.97989023074155, -1500.0366643882676, 898.2147840788331]
    repeat 8  [899.3095278170985, 1499.9947360927774, -898.0039960104288, -898.8743947421394, 300.0269827481735, -300.0599617836233, -1500.171819412673, 902.4284121632115]
    repeat 9  [900.4784642323234, 1499.9555213485526, -899.1770504077792, -900.0114875061427, 300.04366737346123, -300.08178792361343, -1500.0220260332085, 900.204907363515]
    Rev orth
      ["1", "2", "1", "1", "1", "2", "2"]
      ["2", "2", "2", "1", "1", "1", "1"]
      ["1", "2", "2", "1", "2", "2", "1"]
      ["2", "1", "1", "1", "2", "2", "1"]
      ["1", "1", "1", "1", "1", "1", "1"]
      ["2", "2", "1", "1", "2", "1", "2"]
      ["1", "1", "2", "1", "2", "1", "2"]
      ["2", "1", "2", "1", "1", "2", "2"]
  level = 1
    repeat 0  [-900.5495831296688, -300.07169106714053, 897.1864313436981, 901.4654910737205, -1500.0408128144056, 1499.9984638589438, 299.82046860945667, -900.8673619963155]
    repeat 1  [-897.9257086454584, -300.01844282953897, 900.7984213062338, 901.9509097022597, -1500.0959988694128, 1499.9478466295536, 299.98369991299484, -900.6129303943837]
    repeat 2  [-898.2262914136423, -299.9921473795675, 899.7832656357036, 902.1390349615729, -1499.9231230084051, 1499.8885413792557, 299.9826343556247, -900.5582762012335]
    repeat 3  [-900.408527143775, -300.00298897420555, 900.9664468839816, 900.3531665976722, -1500.0263953044998, 1499.9691300141837, 299.96740294825554, -902.0699025722221]
    repeat 4  [-898.5548539736797, -299.93102781202714, 902.2168457598049, 899.7008173671791, -1500.0348472883275, 1499.9146099075442, 299.9808907655923, -897.9038936649841]
    repeat 5  [-899.4751158156578, -300.01663541533196, 901.2841303119484, 899.67491358459, -1500.0136521601196, 1499.8054135113737, 300.03666054483733, -901.6400403824354]
    repeat 6  [-898.8468342056855, -300.0685299069257, 900.5724860869802, 898.8338607869063, -1500.1019495148428, 1500.1179640951789, 299.9881957715959, -898.7841873096182]
    repeat 7  [-899.7439411867527, -300.04305689724976, 901.1131322825482, 899.8905488554176, -1499.9193026983867, 1500.063094458184, 299.9543480563206, -903.3134410513028]
    repeat 8  [-898.1461336086767, -299.95408988760494, 899.6993660088248, 900.8695794018522, -1500.12009448908, 1499.9105482547773, 300.03324017497033, -898.5295959542386]
    repeat 9  [-899.9965139897089, -299.97461524549436, 896.7773601007705, 899.0806217456002, -1500.0090886007238, 1499.997629919889, 300.0112355385289, -900.6721244602797]
    Rev orth
      ["1", "2", "1", "2", "1", "2", "2"]
      ["2", "2", "2", "2", "1", "1", "1"]
      ["1", "2", "2", "2", "2", "2", "1"]
      ["2", "1", "1", "2", "2", "2", "1"]
      ["1", "1", "1", "2", "1", "1", "1"]
      ["2", "2", "1", "2", "2", "1", "2"]
      ["1", "1", "2", "2", "2", "1", "2"]
      ["2", "1", "2", "2", "1", "2", "2"]
factor = 4
  level = 0
    repeat 0  [-900.5495831296688, -300.07169106714053, 897.7527756377167, -899.5060910272603, 299.8647910615334, 1500.0485978664037, -1500.062637986382, 902.2340428207665]
    repeat 1  [-897.9257086454584, -300.01844282953897, 896.9103213195832, -900.9003110155467, 299.90447107560624, 1499.9408321661479, -1500.088268337378, 896.9077417091274]
    repeat 2  [-898.2262914136423, -299.9921473795675, 899.653913089395, -901.4126486684908, 299.980704202939, 1499.9947795545695, -1500.0304211205155, 900.3964623614672]
    repeat 3  [-900.408527143775, -300.00298897420555, 901.1041947576687, -901.5737078422968, 299.88551790964794, 1499.954969086058, -1499.8785927946092, 901.1964405315342]
    repeat 4  [-898.5548539736797, -299.93102781202714, 901.8059811476897, -901.9982036391878, 300.04423456357137, 1499.9868460373916, -1500.0143174897676, 897.5783986232623]
    repeat 5  [-899.4751158156578, -300.01663541533196, 902.5104530955124, -900.7601086851266, 300.0391200040223, 1499.792688913173, -1499.9617011230541, 900.8224995866136]
    repeat 6  [-898.8468342056855, -300.0685299069257, 898.8723445244048, -901.7780159642826, 300.0420655324915, 1499.9241360486951, -1500.0784184474435, 897.9435245745144]
    repeat 7  [-899.7439411867527, -300.04305689724976, 898.7449705238303, -899.9580436528336, 299.9428913435834, 1500.0724080308917, -1500.0837417679813, 898.2147840788331]
    repeat 8  [-898.1461336086767, -299.95408988760494, 901.3078474328072, -898.9905150375514, 300.0269827481735, 1499.9777748787938, -1499.9575345740539, 902.4284121632115]
    repeat 9  [-899.9965139897089, -299.97461524549436, 901.1024367389604, -899.9293756878125, 300.04366737346123, 1499.9121401544157, -1499.8916664743056, 900.204907363515]
    Rev orth
      ["1", "2", "1", "2", "1", "2", "2"]
      ["2", "2", "2", "2", "1", "1", "1"]
      ["1", "2", "2", "1", "1", "2", "1"]
      ["2", "1", "1", "2", "1", "2", "1"]
      ["1", "1", "1", "1", "1", "1", "1"]
      ["2", "2", "1", "1", "1", "1", "2"]
      ["1", "1", "2", "2", "1", "1", "2"]
      ["2", "1", "2", "1", "1", "2", "2"]
  level = 1
    repeat 0  [901.6683824646186, 1500.0111545236314, -899.5484844534551, 901.4654910737205, -1500.0610303186554, -300.0346797556024, 299.82046860945667, -900.5907519488982]
    repeat 1  [901.6409104074372, 1500.0109907292328, -901.489693895204, 901.9509097022597, -1500.0002520094001, -299.8592016634317, 299.98369991299484, -899.4474967639535]
    repeat 2  [900.1807922921347, 1499.9722835367927, -900.7863818810083, 902.1390349615729, -1499.9937750380304, -300.0203834049306, 299.9826343556247, -900.5065805467195]
    repeat 3  [901.7457663792927, 1499.8697829437374, -900.4907642801229, 900.3531665976722, -1499.9220404103341, -299.85758758296134, 299.96740294825554, -900.455657702944]
    repeat 4  [901.2294051089182, 1500.0575225439889, -901.1865083180691, 899.7008173671791, -1500.0243390501614, -300.02624291812606, 299.9808907655923, -899.3600540369745]
    repeat 5  [898.7390589978854, 1499.9338955214064, -902.6441307807042, 899.67491358459, -1499.9743844162672, -299.934683678745, 300.03666054483733, -900.7193946880592]
    repeat 6  [902.8114423714911, 1500.0592231022415, -900.1289378111617, 898.8338607869063, -1500.020879802562, -300.09783794891393, 299.9881957715959, -900.1892128808985]
    repeat 7  [902.4763148500143, 1499.9355965948366, -900.6923555168357, 899.8905488554176, -1500.0153857898913, -299.97989023074155, 299.9543480563206, -900.6227130917974]
    repeat 8  [899.8217788303564, 1500.132231653732, -898.0039960104288, 900.8695794018522, -1499.9769729357904, -300.0599617836233, 300.03324017497033, -901.259499985961]
    repeat 9  [899.5176652783917, 1499.997482297456, -899.1770504077792, 899.0806217456002, -1499.9902557994758, -300.08178792361343, 300.0112355385289, -899.317295062835]
    Rev orth
      ["1", "2", "1", "2", "2", "2", "2"]
      ["2", "2", "2", "2", "2", "1", "1"]
      ["1", "2", "2", "1", "2", "2", "1"]
      ["2", "1", "1", "2", "2", "2", "1"]
      ["1", "1", "1", "1", "2", "1", "1"]
      ["2", "2", "1", "1", "2", "1", "2"]
      ["1", "1", "2", "2", "2", "1", "2"]
      ["2", "1", "2", "1", "2", "2", "2"]
factor = 5
  level = 0
    repeat 0  [-900.0271285560534, -300.07169106714053, -899.9811335089239, 900.1410780241445, 299.8647910615334, -300.0346797556024, 299.82046860945667, 900.0208986427261]
    repeat 1  [-899.9230316691429, -300.01844282953897, -899.9628026322043, 900.0526531433467, 299.90447107560624, -299.8592016634317, 299.98369991299484, 899.9402993335583]
    repeat 2  [-900.0078354467864, -299.9921473795675, -899.9921307435197, 899.9610799854239, 299.980704202939, -300.0203834049306, 299.9826343556247, 900.0911501649955]
    repeat 3  [-899.9188925388995, -300.00298897420555, -899.9801700769691, 900.0289998590349, 299.88551790964794, -299.85758758296134, 299.96740294825554, 900.095273012171]
    repeat 4  [-900.0827435801506, -299.93102781202714, -900.0618426500539, 899.9669782815096, 300.04423456357137, -300.02624291812606, 299.9808907655923, 900.0883430382567]
    repeat 5  [-900.050380726859, -300.01663541533196, -899.987554886416, 900.081504211767, 300.0391200040223, -299.934683678745, 300.03666054483733, 900.0218755888006]
    repeat 6  [-900.147276120165, -300.0685299069257, -899.9494489945987, 899.8853151894982, 300.0420655324915, -300.09783794891393, 299.9881957715959, 899.9972192992709]
    repeat 7  [-900.0661759761334, -300.04305689724976, -899.9757280413438, 900.0323189290059, 299.9428913435834, -299.97989023074155, 299.9543480563206, 900.1420733791655]
    repeat 8  [-900.0005727199697, -299.95408988760494, -899.8935651632302, 900.0101285074247, 300.0269827481735, -300.0599617836233, 300.03324017497033, 899.9191720429409]
    repeat 9  [-899.9754893331736, -299.97461524549436, -900.1020305453557, 899.9593666143944, 300.04366737346123, -300.08178792361343, 300.0112355385289, 899.8914038993644]
    Rev orth
      ["1", "2", "1", "2", "1", "1", "2"]
      ["2", "2", "2", "2", "1", "1", "1"]
      ["1", "2", "2", "1", "2", "1", "1"]
      ["2", "1", "1", "2", "2", "1", "1"]
      ["1", "1", "1", "1", "1", "1", "1"]
      ["2", "2", "1", "1", "2", "1", "2"]
      ["1", "1", "2", "2", "2", "1", "2"]
      ["2", "1", "2", "1", "1", "1", "2"]
  level = 1
    repeat 0  [-900.5495831296688, -300.8772327607372, -899.5484844534551, 901.4654910737205, 301.5345123732908, -298.72356382378865, 300.35272370002195, 902.2340428207665]
    repeat 1  [-897.9257086454584, -300.76035236338777, -901.489693895204, 901.9509097022597, 300.9117701149815, -300.57321629408733, 299.64713774254045, 896.9077417091274]
    repeat 2  [-898.2262914136423, -297.7899591381445, -900.7863818810083, 902.1390349615729, 299.33272943638144, -300.3641742648879, 301.74217158477364, 900.3964623614672]
    repeat 3  [-900.408527143775, -298.89507438903206, -900.4907642801229, 900.3531665976722, 300.6576576314625, -300.19325274625027, 296.5315449862782, 901.1964405315342]
    repeat 4  [-898.5548539736797, -300.08434438405715, -901.1865083180691, 899.7008173671791, 302.82147992840385, -300.04980514032854, 298.47663011482916, 897.5783986232623]
    repeat 5  [-899.4751158156578, -299.8125613574071, -902.6441307807042, 899.67491358459, 298.26921675411165, -299.7750469327239, 300.0803021943487, 900.8224995866136]
    repeat 6  [-898.8468342056855, -299.49503689827634, -900.1289378111617, 898.8338607869063, 298.9165684466911, -299.40356780495097, 299.85961239305243, 897.9435245745144]
    repeat 7  [-899.7439411867527, -297.99223635041915, -900.6923555168357, 899.8905488554176, 299.0535747716425, -299.61085036991193, 301.20781782297786, 898.2147840788331]
    repeat 8  [-898.1461336086767, -300.02700877448007, -898.0039960104288, 900.8695794018522, 299.5606832276902, -299.0357439641655, 297.6897095599141, 902.4284121632115]
    repeat 9  [-899.9965139897089, -301.73813153327364, -899.1770504077792, 899.0806217456002, 300.0229630377704, -299.27030779212885, 298.989782149859, 900.204907363515]
    Rev orth
      ["1", "2", "1", "2", "1", "2", "2"]
      ["2", "2", "2", "2", "1", "2", "1"]
      ["1", "2", "2", "1", "2", "2", "1"]
      ["2", "1", "1", "2", "2", "2", "1"]
      ["1", "1", "1", "1", "1", "2", "1"]
      ["2", "2", "1", "1", "2", "2", "2"]
      ["1", "1", "2", "2", "2", "2", "2"]
      ["2", "1", "2", "1", "1", "2", "2"]
factor = 6
  level = 0
    repeat 0  [-902.3340847806942, -300.07169106714053, -899.5484844534551, 901.4654910737205, 299.8647910615334, -299.9962617475067, 299.96173806849856, 900.1044903470745]
    repeat 1  [-899.1278778732568, -300.01844282953897, -901.489693895204, 901.9509097022597, 299.90447107560624, -299.9933942151028, 299.9718868819457, 899.6385880634645]
    repeat 2  [-901.2118962042626, -299.9921473795675, -900.7863818810083, 902.1390349615729, 299.980704202939, -299.99204932844594, 300.090011066931, 901.9830323302922]
    repeat 3  [-899.4655667002257, -300.00298897420555, -900.4907642801229, 900.3531665976722, 299.88551790964794, -299.9151714573128, 299.9422997545116, 900.7511754227028]
    repeat 4  [-903.8978577506699, -299.93102781202714, -901.1865083180691, 899.7008173671791, 300.04423456357137, -300.0142490245719, 300.03872246432024, 900.0937415550773]
    repeat 5  [-899.3247077671283, -300.01663541533196, -902.6441307807042, 899.67491358459, 300.0391200040223, -300.0167968071242, 299.93472218178846, 899.8315087421936]
    repeat 6  [-900.6365825946328, -300.0685299069257, -900.1289378111617, 898.8338607869063, 300.0420655324915, -300.0178128186141, 300.1016003080221, 901.1647931439894]
    repeat 7  [-900.0767134184791, -300.04305689724976, -900.6923555168357, 899.8905488554176, 299.9428913435834, -299.90678355467423, 300.01951397874905, 901.7845767160698]
    repeat 8  [-897.5549443471966, -299.95408988760494, -898.0039960104288, 900.8695794018522, 300.0269827481735, -300.04706978088643, 299.95774828888216, 902.1964130873727]
    repeat 9  [-900.5833723222441, -299.97461524549436, -899.1770504077792, 899.0806217456002, 300.04366737346123, -300.05234460474213, 300.0463157065006, 902.3471321444962]
    Rev orth
      ["1", "2", "1", "2", "1", "2", "1"]
      ["2", "2", "2", "2", "1", "1", "1"]
      ["1", "2", "2", "1", "2", "2", "1"]
      ["2", "1", "1", "2", "2", "2", "1"]
      ["1", "1", "1", "1", "1", "1", "1"]
      ["2", "2", "1", "1", "2", "1", "1"]
      ["1", "1", "2", "2", "2", "1", "1"]
      ["2", "1", "2", "1", "1", "2", "1"]
  level = 1
    repeat 0  [-900.5495831296688, -300.0410980844713, -901.6492840687807, 900.0212225612688, 299.98153312763213, -300.0346797556024, 299.82046860945667, 902.2340428207665]
    repeat 1  [-897.9257086454584, -299.9691586219762, -900.0466531543972, 899.8500999949147, 300.00403156120495, -299.8592016634317, 299.98369991299484, 896.9077417091274]
    repeat 2  [-898.2262914136423, -300.0159436995594, -899.317878198865, 898.1991012653431, 299.99325882588164, -300.0203834049306, 299.9826343556247, 900.3964623614672]
    repeat 3  [-900.408527143775, -299.9582356490949, -899.282486749295, 902.6392593003836, 299.97632353230495, -299.85758758296134, 299.96740294825554, 901.1964405315342]
    repeat 4  [-898.5548539736797, -300.0196797867733, -898.3274296827768, 900.5867331484625, 300.01910207776695, -300.02624291812606, 299.9808907655923, 897.5783986232623]
    repeat 5  [-899.4751158156578, -300.0221444397586, -900.4892363892016, 899.8763215879551, 299.94763551765607, -299.934683678745, 300.03666054483733, 900.8224995866136]
    repeat 6  [-898.8468342056855, -300.0435986088747, -899.8240455144245, 899.261740778088, 300.04958734865636, -300.09783794891393, 299.9881957715959, 897.9435245745144]
    repeat 7  [-899.7439411867527, -299.95604518613044, -900.6458905041935, 899.6134629230146, 300.0338231065393, -299.97989023074155, 299.9543480563206, 898.2147840788331]
    repeat 8  [-898.1461336086767, -299.9945988328606, -899.700611244196, 899.8081172621124, 300.0400622328537, -300.0599617836233, 300.03324017497033, 902.4284121632115]
    repeat 9  [-899.9965139897089, -300.0530493599239, -900.2527279591209, 896.3252915017416, 300.1203019096766, -300.08178792361343, 300.0112355385289, 900.204907363515]
    Rev orth
      ["1", "2", "1", "2", "1", "2", "2"]
      ["2", "2", "2", "2", "1", "1", "2"]
      ["1", "2", "2", "1", "2", "2", "2"]
      ["2", "1", "1", "2", "2", "2", "2"]
      ["1", "1", "1", "1", "1", "1", "2"]
      ["2", "2", "1", "1", "2", "1", "2"]
      ["1", "1", "2", "2", "2", "1", "2"]
      ["2", "1", "2", "1", "1", "2", "2"]
