-----------Confounding Information Begin---------------
{
Noise:{ 5:[[2,0],[3,0],[3,1]] },
None:{ 1:[[1,0],[3,2]],5:[[1,0],[2,0],[2,1],[3,0],[3,1],[3,2]],6:[[1,0]],7:[[1,0]],11:[[1,0]],12:[[2,1],[3,0]],14:[[1,0],[2,0],[2,1]] },
Single:{ 2:[[1,0],[2,0],[2,1],[3,0],[3,1],[3,2]],14:[[3,0],[3,1],[3,2]] },
Confound:{ 0:[[1,0]],1:[[2,0],[2,1],[3,0],[3,1]],3:[[1,0]],4:[[1,0]],8:[[1,0]],9:[[1,0],[2,0],[2,1],[3,0],[3,1],[3,2]],10:[[1,0]],11:[[2,0],[2,1],[3,0],[3,1],[3,2]],12:[[1,0],[2,0],[3,1],[3,2]],13:[[1,0]] }
}
-----------Confounding Information End---------------
-----------Network Information Begin---------------
{
Edge_Out_In_Weight:[
[1, 0, 44601148570.08244],
[12, 0, 31359892.163674526],
[13, 0, 2265767487.805273],
[0, 1, 29399584179.001358],
[4, 3, 36002331.58078637],
[3, 4, 35999589.54672648],
[9, 8, 191623.58496923058],
[10, 8, 2922694.970523482],
[11, 8, 373038.77854440454],
[8, 9, 127760.25376397459],
[8, 10, 2922557.1168122673],
[8, 11, 248677.59135824555],
[0, 12, 20905405.154124174],
[13, 12, 6827592.555320489],
[0, 13, 2265754315.00687],
[12, 13, 10241629.095935006]],
Node_Size:[8.4132e+03, 1.7320e+04, 4.8319e+04, 8.4852e+03, 1.5394e-01, 1.3298e-01, 9.7687e-03, 1.2498e-01, 3.0222e+02, 6.2069e-02, 7.8227e+02, 1.6206e-01, 4.6203e+02, 4.8084e+03, 4.9774e+01],
Node_Color:[3,3,2,3,3,1,1,1,3,3,3,3,3,3,2],
Node_Shape:[1,1,1,1,1,2,1,1,1,1,1,1,1,1,1]
}
-----------Network Information End---------------
