-----------Confounding Information Begin---------------
{
Noise:{  },
None:{ 3:[[1,0]],5:[[1,0]],6:[[1,0]],8:[[1,0]],10:[[1,0]],12:[[1,0]],17:[[1,0]],19:[[1,0]],25:[[1,0]],28:[[1,0]],30:[[1,0]] },
Single:{  },
Confound:{ 0:[[1,0]],1:[[1,0]],2:[[1,0]],4:[[1,0]],7:[[1,0]],9:[[1,0]],11:[[1,0]],13:[[1,0]],14:[[1,0]],15:[[1,0]],16:[[1,0]],18:[[1,0]],20:[[1,0]],21:[[1,0]],22:[[1,0]],23:[[1,0]],24:[[1,0]],26:[[1,0]],27:[[1,0]],29:[[1,0]] }
}
-----------Confounding Information End---------------
-----------Network Information Begin---------------
{
Edge_Out_In_Weight:[
[1, 0, 32399988291.158043],
[0, 1, 32399973120.795437],
[7, 1, 32399984089.60042],
[18, 1, 32399985805.48658],
[14, 2, 32400008884.228554],
[15, 4, 32400031370.40364],
[16, 4, 32400020306.842163],
[20, 4, 32399993344.008263],
[21, 4, 32399997563.05765],
[27, 4, 32399973978.06095],
[1, 7, 32399998711.563183],
[22, 7, 32399938843.911438],
[26, 7, 32399958329.905],
[24, 9, 32400008245.034176],
[15, 11, 32399998098.62841],
[24, 13, 32400000533.54748],
[2, 14, 32400008659.097363],
[4, 15, 32400023954.772655],
[11, 15, 32399991040.713],
[4, 16, 32400008010.313637],
[1, 18, 32400027442.62117],
[4, 20, 32400003614.629345],
[4, 21, 32400010205.381195],
[7, 22, 32399997940.259907],
[29, 23, 32400000282.26829],
[9, 24, 32400005950.643917],
[13, 24, 32399979721.75213],
[7, 26, 32399984753.975296],
[4, 27, 32399981340.626007],
[23, 29, 32400008901.018486]],
Node_Size:[2.4514e-02, 5.0143e-02, 2.5232e-02, 1.0684e-01, 5.4148e-02, 4.4465e-02, 1.6229e-02, 7.0578e-02, 5.2354e-02, 7.1308e-02, 5.7103e-03, 4.7328e-02, 1.6134e-02, 1.3448e-03, 3.4528e-02, 3.2573e-02, 7.8480e-02, 2.6639e-02, 4.0625e-02, 2.2766e-02, 5.4787e-02, 1.9826e-02, 1.9944e-02, 4.2309e-02, 3.0485e-02, 1.1784e-02, 3.2377e-03, 2.3645e-02, 7.0418e-02, 3.9400e-02, 1.1933e-02],
Node_Color:[3,3,3,1,3,1,1,3,1,3,1,3,1,3,3,3,3,1,3,1,3,3,3,3,3,1,3,3,1,3,1],
Node_Shape:[1,1,1,1,1,1,1,1,1,1,1,1,1,1,1,1,1,1,1,1,1,1,1,1,1,1,1,1,1,1,1]
}
-----------Network Information End---------------
